<?xml version="1.0" encoding="UTF-8"?>
<robot generator="Robot 5.0.1 (Python 3.9.4 on darwin)" generated="20220928 19:42:41.413" rpa="false" schemaversion="3">
<suite id="s1" name="dispenseTaxRelief &amp; multiRecordInsertion &amp; queryTaxRelief &amp; recordInsertionFromCSV &amp; singleRecordInsertion">
<suite id="s1-s1" name="dispenseTaxRelief" source="/Users/a151337/PycharmProjects/robotFrameworkUIAPIAutomationSample/suites/dispenseTaxRelief.robot">
<test id="s1-s1-t1" name="Validate governer should be able to see dipense now button in red colour" line="12">
<kw name="Run Keywords" library="BuiltIn" type="SETUP">
<arg>Launch Oppenheimer Project Home Screen</arg>
<arg>AND</arg>
<arg>Instantiate session</arg>
<doc>Executes all the given keywords in a sequence.</doc>
<kw name="Launch Oppenheimer Project Home Screen" library="common">
<kw name="Get Driver Path With Browser" library="WebDriverManager">
<var>${driver_path}</var>
<arg>${BROWSER}</arg>
<msg timestamp="20220928 19:42:41.849" level="INFO">====== WebDriver manager ======</msg>
<msg timestamp="20220928 19:42:41.979" level="INFO">Get LATEST chromedriver version for google-chrome 105.0.5195</msg>
<msg timestamp="20220928 19:42:43.120" level="INFO">Driver [/Users/a151337/.wdm/drivers/chromedriver/mac64/105.0.5195/chromedriver] found in cache</msg>
<msg timestamp="20220928 19:42:43.120" level="INFO">/Users/a151337/.wdm/drivers/chromedriver/mac64/105.0.5195/chromedriver</msg>
<msg timestamp="20220928 19:42:43.121" level="INFO">${driver_path} = /Users/a151337/.wdm/drivers/chromedriver/mac64/105.0.5195/chromedriver</msg>
<status status="PASS" starttime="20220928 19:42:41.848" endtime="20220928 19:42:43.121"/>
</kw>
<kw name="Open Browser" library="SeleniumLibrary">
<arg>${BASE_URL}</arg>
<arg>${BROWSER}</arg>
<arg>executable_path=${driver_path}</arg>
<arg>options=add_argument("--ignore-certificate-errors");add_argument("--start-maximized")</arg>
<doc>Opens a new browser instance to the optional ``url``.</doc>
<msg timestamp="20220928 19:42:43.122" level="INFO">Opening browser 'Chrome' to base url 'http://localhost:8080'.</msg>
<status status="PASS" starttime="20220928 19:42:43.121" endtime="20220928 19:42:48.010"/>
</kw>
<kw name="Set Selenium Implicit Wait" library="SeleniumLibrary">
<arg>60s</arg>
<doc>Sets the implicit wait value used by Selenium.</doc>
<status status="PASS" starttime="20220928 19:42:48.011" endtime="20220928 19:42:48.013"/>
</kw>
<status status="PASS" starttime="20220928 19:42:41.848" endtime="20220928 19:42:48.014"/>
</kw>
<kw name="Instantiate session" library="common">
<kw name="Create Session" library="RequestsLibrary">
<arg>${SESSION_NAME}</arg>
<arg>${BASE_URL}</arg>
<doc>Create Session: create a HTTP session to a server</doc>
<msg timestamp="20220928 19:42:48.015" level="INFO">Creating Session using : alias=Oppenheimer, url=http://localhost:8080, headers={},                     cookies={}, auth=None, timeout=None, proxies=None, verify=False,                     debug=0 </msg>
<status status="PASS" starttime="20220928 19:42:48.015" endtime="20220928 19:42:48.016"/>
</kw>
<status status="PASS" starttime="20220928 19:42:48.014" endtime="20220928 19:42:48.016"/>
</kw>
<status status="PASS" starttime="20220928 19:42:41.848" endtime="20220928 19:42:48.016"/>
</kw>
<kw name="validate colour of dispense now button and text from CSS" library="dispenseTaxRelief">
<kw name="Get CSS Property Value" library="dispenseTaxRelief">
<var>${button_colour}</var>
<arg>${dispence_now_button}</arg>
<arg>background-color</arg>
<kw name="Get WebElement" library="SeleniumLibrary">
<var>${css}</var>
<arg>${locator}</arg>
<doc>Returns the first WebElement matching the given ``locator``.</doc>
<msg timestamp="20220928 19:42:48.030" level="INFO">${css} = &lt;selenium.webdriver.remote.webelement.WebElement (session="930320efd9d465fdbdda35d967fee4ca", element="d6f59a0d-4137-4807-8bbb-3eb911f048e4")&gt;</msg>
<status status="PASS" starttime="20220928 19:42:48.018" endtime="20220928 19:42:48.030"/>
</kw>
<kw name="Call Method" library="BuiltIn">
<var>${prop_val}</var>
<arg>${css}</arg>
<arg>value_of_css_property</arg>
<arg>${attribute name}</arg>
<doc>Calls the named method of the given object with the provided arguments.</doc>
<msg timestamp="20220928 19:42:48.040" level="INFO">${prop_val} = rgba(220, 53, 69, 1)</msg>
<status status="PASS" starttime="20220928 19:42:48.030" endtime="20220928 19:42:48.040"/>
</kw>
<msg timestamp="20220928 19:42:48.040" level="INFO">${button_colour} = rgba(220, 53, 69, 1)</msg>
<status status="PASS" starttime="20220928 19:42:48.017" endtime="20220928 19:42:48.040"/>
</kw>
<kw name="Get CSS Property Value" library="dispenseTaxRelief">
<var>${text_colour}</var>
<arg>${dispence_now_button}</arg>
<arg>color</arg>
<kw name="Get WebElement" library="SeleniumLibrary">
<var>${css}</var>
<arg>${locator}</arg>
<doc>Returns the first WebElement matching the given ``locator``.</doc>
<msg timestamp="20220928 19:42:48.046" level="INFO">${css} = &lt;selenium.webdriver.remote.webelement.WebElement (session="930320efd9d465fdbdda35d967fee4ca", element="d6f59a0d-4137-4807-8bbb-3eb911f048e4")&gt;</msg>
<status status="PASS" starttime="20220928 19:42:48.040" endtime="20220928 19:42:48.046"/>
</kw>
<kw name="Call Method" library="BuiltIn">
<var>${prop_val}</var>
<arg>${css}</arg>
<arg>value_of_css_property</arg>
<arg>${attribute name}</arg>
<doc>Calls the named method of the given object with the provided arguments.</doc>
<msg timestamp="20220928 19:42:48.055" level="INFO">${prop_val} = rgba(255, 255, 255, 1)</msg>
<status status="PASS" starttime="20220928 19:42:48.046" endtime="20220928 19:42:48.055"/>
</kw>
<msg timestamp="20220928 19:42:48.055" level="INFO">${text_colour} = rgba(255, 255, 255, 1)</msg>
<status status="PASS" starttime="20220928 19:42:48.040" endtime="20220928 19:42:48.055"/>
</kw>
<kw name="Should Be Equal As Strings" library="BuiltIn">
<arg>${button_colour}</arg>
<arg>${dispense_button_background_color_code}</arg>
<doc>Fails if objects are unequal after converting them to strings.</doc>
<status status="PASS" starttime="20220928 19:42:48.056" endtime="20220928 19:42:48.056"/>
</kw>
<kw name="Should Be Equal As Strings" library="BuiltIn">
<arg>${text_colour}</arg>
<arg>${dispense_button_text_color_code}</arg>
<doc>Fails if objects are unequal after converting them to strings.</doc>
<status status="PASS" starttime="20220928 19:42:48.056" endtime="20220928 19:42:48.057"/>
</kw>
<status status="PASS" starttime="20220928 19:42:48.017" endtime="20220928 19:42:48.057"/>
</kw>
<kw name="Run Keywords" library="BuiltIn" type="TEARDOWN">
<arg>Close browser</arg>
<arg>AND</arg>
<arg>Clear Data Base</arg>
<doc>Executes all the given keywords in a sequence.</doc>
<kw name="Close Browser" library="SeleniumLibrary">
<doc>Closes the current browser.</doc>
<status status="PASS" starttime="20220928 19:42:48.057" endtime="20220928 19:42:48.248"/>
</kw>
<kw name="Clear Data Base" library="common">
<kw name="POST On Session" library="RequestsLibrary">
<arg>${SESSION_NAME}</arg>
<arg>url=${clear_data_base_url}</arg>
<doc>Sends a POST request on a previously created HTTP Session.</doc>
<msg timestamp="20220928 19:42:48.258" level="INFO">POST Request : url=http://localhost:8080/calculator/rakeDatabase 
 path_url=/calculator/rakeDatabase 
 headers={'User-Agent': 'python-requests/2.28.1', 'Accept-Encoding': 'gzip, deflate', 'Accept': '*/*', 'Connection': 'keep-alive', 'Content-Length': '0'} 
 body=None 
 </msg>
<msg timestamp="20220928 19:42:48.259" level="INFO">POST Response : url=http://localhost:8080/calculator/rakeDatabase 
 status=200, reason= 
 headers={'Content-Type': 'text/plain;charset=UTF-8', 'Content-Length': '21', 'Date': 'Wed, 28 Sep 2022 14:12:48 GMT'} 
 body=Successfully raked DB 
 </msg>
<status status="PASS" starttime="20220928 19:42:48.249" endtime="20220928 19:42:48.259"/>
</kw>
<status status="PASS" starttime="20220928 19:42:48.249" endtime="20220928 19:42:48.259"/>
</kw>
<status status="PASS" starttime="20220928 19:42:48.057" endtime="20220928 19:42:48.259"/>
</kw>
<tag>AC1</tag>
<tag>US5</tag>
<status status="PASS" starttime="20220928 19:42:41.846" endtime="20220928 19:42:48.259"/>
</test>
<test id="s1-s1-t2" name="Validate governer should be able to see dipense now text" line="16">
<kw name="Run Keywords" library="BuiltIn" type="SETUP">
<arg>Launch Oppenheimer Project Home Screen</arg>
<arg>AND</arg>
<arg>Instantiate session</arg>
<doc>Executes all the given keywords in a sequence.</doc>
<kw name="Launch Oppenheimer Project Home Screen" library="common">
<kw name="Get Driver Path With Browser" library="WebDriverManager">
<var>${driver_path}</var>
<arg>${BROWSER}</arg>
<msg timestamp="20220928 19:42:48.264" level="INFO">====== WebDriver manager ======</msg>
<msg timestamp="20220928 19:42:48.406" level="INFO">Get LATEST chromedriver version for google-chrome 105.0.5195</msg>
<msg timestamp="20220928 19:42:49.543" level="INFO">Driver [/Users/a151337/.wdm/drivers/chromedriver/mac64/105.0.5195/chromedriver] found in cache</msg>
<msg timestamp="20220928 19:42:49.543" level="INFO">/Users/a151337/.wdm/drivers/chromedriver/mac64/105.0.5195/chromedriver</msg>
<msg timestamp="20220928 19:42:49.544" level="INFO">${driver_path} = /Users/a151337/.wdm/drivers/chromedriver/mac64/105.0.5195/chromedriver</msg>
<status status="PASS" starttime="20220928 19:42:48.263" endtime="20220928 19:42:49.544"/>
</kw>
<kw name="Open Browser" library="SeleniumLibrary">
<arg>${BASE_URL}</arg>
<arg>${BROWSER}</arg>
<arg>executable_path=${driver_path}</arg>
<arg>options=add_argument("--ignore-certificate-errors");add_argument("--start-maximized")</arg>
<doc>Opens a new browser instance to the optional ``url``.</doc>
<msg timestamp="20220928 19:42:49.545" level="INFO">Opening browser 'Chrome' to base url 'http://localhost:8080'.</msg>
<status status="PASS" starttime="20220928 19:42:49.544" endtime="20220928 19:42:53.466"/>
</kw>
<kw name="Set Selenium Implicit Wait" library="SeleniumLibrary">
<arg>60s</arg>
<doc>Sets the implicit wait value used by Selenium.</doc>
<status status="PASS" starttime="20220928 19:42:53.466" endtime="20220928 19:42:53.469"/>
</kw>
<status status="PASS" starttime="20220928 19:42:48.262" endtime="20220928 19:42:53.469"/>
</kw>
<kw name="Instantiate session" library="common">
<kw name="Create Session" library="RequestsLibrary">
<arg>${SESSION_NAME}</arg>
<arg>${BASE_URL}</arg>
<doc>Create Session: create a HTTP session to a server</doc>
<msg timestamp="20220928 19:42:53.472" level="INFO">Creating Session using : alias=Oppenheimer, url=http://localhost:8080, headers={},                     cookies={}, auth=None, timeout=None, proxies=None, verify=False,                     debug=0 </msg>
<status status="PASS" starttime="20220928 19:42:53.471" endtime="20220928 19:42:53.472"/>
</kw>
<status status="PASS" starttime="20220928 19:42:53.470" endtime="20220928 19:42:53.472"/>
</kw>
<status status="PASS" starttime="20220928 19:42:48.262" endtime="20220928 19:42:53.472"/>
</kw>
<kw name="validate text of dispense now button" library="dispenseTaxRelief">
<kw name="Get Element Attribute" library="SeleniumLibrary">
<var>${text}</var>
<arg>${dispence_now_button}</arg>
<arg>text</arg>
<doc>Returns the value of ``attribute`` from the element ``locator``.</doc>
<msg timestamp="20220928 19:42:53.496" level="INFO">${text} = Dispense Now</msg>
<status status="PASS" starttime="20220928 19:42:53.473" endtime="20220928 19:42:53.497"/>
</kw>
<kw name="Should Be Equal As Strings" library="BuiltIn">
<arg>${text}</arg>
<arg>${dispense_now_text}</arg>
<doc>Fails if objects are unequal after converting them to strings.</doc>
<status status="PASS" starttime="20220928 19:42:53.497" endtime="20220928 19:42:53.497"/>
</kw>
<status status="PASS" starttime="20220928 19:42:53.472" endtime="20220928 19:42:53.497"/>
</kw>
<kw name="Run Keywords" library="BuiltIn" type="TEARDOWN">
<arg>Close browser</arg>
<arg>AND</arg>
<arg>Clear Data Base</arg>
<doc>Executes all the given keywords in a sequence.</doc>
<kw name="Close Browser" library="SeleniumLibrary">
<doc>Closes the current browser.</doc>
<status status="PASS" starttime="20220928 19:42:53.498" endtime="20220928 19:42:53.690"/>
</kw>
<kw name="Clear Data Base" library="common">
<kw name="POST On Session" library="RequestsLibrary">
<arg>${SESSION_NAME}</arg>
<arg>url=${clear_data_base_url}</arg>
<doc>Sends a POST request on a previously created HTTP Session.</doc>
<msg timestamp="20220928 19:42:53.699" level="INFO">POST Request : url=http://localhost:8080/calculator/rakeDatabase 
 path_url=/calculator/rakeDatabase 
 headers={'User-Agent': 'python-requests/2.28.1', 'Accept-Encoding': 'gzip, deflate', 'Accept': '*/*', 'Connection': 'keep-alive', 'Content-Length': '0'} 
 body=None 
 </msg>
<msg timestamp="20220928 19:42:53.699" level="INFO">POST Response : url=http://localhost:8080/calculator/rakeDatabase 
 status=200, reason= 
 headers={'Content-Type': 'text/plain;charset=UTF-8', 'Content-Length': '21', 'Date': 'Wed, 28 Sep 2022 14:12:53 GMT'} 
 body=Successfully raked DB 
 </msg>
<status status="PASS" starttime="20220928 19:42:53.690" endtime="20220928 19:42:53.699"/>
</kw>
<status status="PASS" starttime="20220928 19:42:53.690" endtime="20220928 19:42:53.700"/>
</kw>
<status status="PASS" starttime="20220928 19:42:53.498" endtime="20220928 19:42:53.700"/>
</kw>
<tag>AC2</tag>
<tag>US5</tag>
<status status="PASS" starttime="20220928 19:42:48.261" endtime="20220928 19:42:53.700"/>
</test>
<test id="s1-s1-t3" name="Validate clicking on dispense now button navigates to cash dispensed page" line="20">
<kw name="Run Keywords" library="BuiltIn" type="SETUP">
<arg>Launch Oppenheimer Project Home Screen</arg>
<arg>AND</arg>
<arg>Instantiate session</arg>
<doc>Executes all the given keywords in a sequence.</doc>
<kw name="Launch Oppenheimer Project Home Screen" library="common">
<kw name="Get Driver Path With Browser" library="WebDriverManager">
<var>${driver_path}</var>
<arg>${BROWSER}</arg>
<msg timestamp="20220928 19:42:53.705" level="INFO">====== WebDriver manager ======</msg>
<msg timestamp="20220928 19:42:53.848" level="INFO">Get LATEST chromedriver version for google-chrome 105.0.5195</msg>
<msg timestamp="20220928 19:42:54.965" level="INFO">Driver [/Users/a151337/.wdm/drivers/chromedriver/mac64/105.0.5195/chromedriver] found in cache</msg>
<msg timestamp="20220928 19:42:54.966" level="INFO">/Users/a151337/.wdm/drivers/chromedriver/mac64/105.0.5195/chromedriver</msg>
<msg timestamp="20220928 19:42:54.966" level="INFO">${driver_path} = /Users/a151337/.wdm/drivers/chromedriver/mac64/105.0.5195/chromedriver</msg>
<status status="PASS" starttime="20220928 19:42:53.704" endtime="20220928 19:42:54.966"/>
</kw>
<kw name="Open Browser" library="SeleniumLibrary">
<arg>${BASE_URL}</arg>
<arg>${BROWSER}</arg>
<arg>executable_path=${driver_path}</arg>
<arg>options=add_argument("--ignore-certificate-errors");add_argument("--start-maximized")</arg>
<doc>Opens a new browser instance to the optional ``url``.</doc>
<msg timestamp="20220928 19:42:54.967" level="INFO">Opening browser 'Chrome' to base url 'http://localhost:8080'.</msg>
<status status="PASS" starttime="20220928 19:42:54.967" endtime="20220928 19:42:58.952"/>
</kw>
<kw name="Set Selenium Implicit Wait" library="SeleniumLibrary">
<arg>60s</arg>
<doc>Sets the implicit wait value used by Selenium.</doc>
<status status="PASS" starttime="20220928 19:42:58.953" endtime="20220928 19:42:58.955"/>
</kw>
<status status="PASS" starttime="20220928 19:42:53.703" endtime="20220928 19:42:58.956"/>
</kw>
<kw name="Instantiate session" library="common">
<kw name="Create Session" library="RequestsLibrary">
<arg>${SESSION_NAME}</arg>
<arg>${BASE_URL}</arg>
<doc>Create Session: create a HTTP session to a server</doc>
<msg timestamp="20220928 19:42:58.957" level="INFO">Creating Session using : alias=Oppenheimer, url=http://localhost:8080, headers={},                     cookies={}, auth=None, timeout=None, proxies=None, verify=False,                     debug=0 </msg>
<status status="PASS" starttime="20220928 19:42:58.956" endtime="20220928 19:42:58.957"/>
</kw>
<status status="PASS" starttime="20220928 19:42:58.956" endtime="20220928 19:42:58.958"/>
</kw>
<status status="PASS" starttime="20220928 19:42:53.703" endtime="20220928 19:42:58.958"/>
</kw>
<kw name="Upload Tax details CSV File" library="recordInsertionFromCSV">
<arg>${valid_csv_multi_row_path}</arg>
<kw name="Sleep" library="BuiltIn">
<arg>5s</arg>
<doc>Pauses the test executed for the given time.</doc>
<msg timestamp="20220928 19:43:03.962" level="INFO">Slept 5 seconds</msg>
<status status="PASS" starttime="20220928 19:42:58.959" endtime="20220928 19:43:03.963"/>
</kw>
<kw name="Wait Until Element Is Enabled" library="SeleniumLibrary">
<arg>${upload_csv_input}</arg>
<doc>Waits until the element ``locator`` is enabled.</doc>
<status status="PASS" starttime="20220928 19:43:03.963" endtime="20220928 19:43:04.006"/>
</kw>
<kw name="Choose File" library="SeleniumLibrary">
<arg>${upload_csv_input}</arg>
<arg>${csv_path}</arg>
<doc>Inputs the ``file_path`` into the file input field ``locator``.</doc>
<msg timestamp="20220928 19:43:04.006" level="INFO">Sending /Users/a151337/PycharmProjects/robotFrameworkUIAPIAutomationSample/inputData/recordInsertionFromCSV/validCSVMultiRow.csv to browser.</msg>
<status status="PASS" starttime="20220928 19:43:04.006" endtime="20220928 19:43:04.042"/>
</kw>
<kw name="Set Test Data" library="recordInsertionFromCSV">
<arg>${csv_path}</arg>
<kw name="Read Csv File To Associative" library="CSVLibrary">
<var>${csv_associative}</var>
<arg>${csv_path}</arg>
<doc>Read CSV file and return its content as a Python list of dictionaries.</doc>
<msg timestamp="20220928 19:43:04.044" level="INFO">${csv_associative} = [{'natid': '1234567891', 'name': 'Bharath', 'gender': 'M', 'salary': '100', 'birthday': '14031994', 'tax': '20'}, {'natid': '1234567892', 'name': 'Bharath', 'gender': 'M', 'salary': '1000', 'birthday'...</msg>
<status status="PASS" starttime="20220928 19:43:04.043" endtime="20220928 19:43:04.044"/>
</kw>
<kw name="Get Length" library="BuiltIn">
<var>${length}</var>
<arg>${csv_associative}</arg>
<doc>Returns and logs the length of the given item as an integer.</doc>
<msg timestamp="20220928 19:43:04.045" level="INFO">Length is 4</msg>
<msg timestamp="20220928 19:43:04.045" level="INFO">${length} = 4</msg>
<status status="PASS" starttime="20220928 19:43:04.044" endtime="20220928 19:43:04.045"/>
</kw>
<kw name="Create List" library="BuiltIn">
<var>@{masked_natid_list}</var>
<doc>Returns a list containing given items.</doc>
<msg timestamp="20220928 19:43:04.045" level="INFO">@{masked_natid_list} = [ ]</msg>
<status status="PASS" starttime="20220928 19:43:04.045" endtime="20220928 19:43:04.045"/>
</kw>
<kw name="Create List" library="BuiltIn">
<var>@{bonus_list}</var>
<doc>Returns a list containing given items.</doc>
<msg timestamp="20220928 19:43:04.045" level="INFO">@{bonus_list} = [ ]</msg>
<status status="PASS" starttime="20220928 19:43:04.045" endtime="20220928 19:43:04.045"/>
</kw>
<kw name="Create List" library="BuiltIn">
<var>@{names_list}</var>
<doc>Returns a list containing given items.</doc>
<msg timestamp="20220928 19:43:04.045" level="INFO">@{names_list} = [ ]</msg>
<status status="PASS" starttime="20220928 19:43:04.045" endtime="20220928 19:43:04.045"/>
</kw>
<for flavor="IN RANGE">
<var>${i}</var>
<value>0</value>
<value>${length}</value>
<iter>
<var name="${i}">0</var>
<kw name="Set Variable" library="BuiltIn">
<var>${DOB}</var>
<arg>${csv_associative[${i}]}[birthday]</arg>
<doc>Returns the given values which can then be assigned to a variables.</doc>
<msg timestamp="20220928 19:43:04.047" level="INFO">${DOB} = 14031994</msg>
<status status="PASS" starttime="20220928 19:43:04.046" endtime="20220928 19:43:04.047"/>
</kw>
<kw name="Set Variable" library="BuiltIn">
<var>${gender}</var>
<arg>${csv_associative[${i}]}[gender]</arg>
<doc>Returns the given values which can then be assigned to a variables.</doc>
<msg timestamp="20220928 19:43:04.048" level="INFO">${gender} = M</msg>
<status status="PASS" starttime="20220928 19:43:04.047" endtime="20220928 19:43:04.048"/>
</kw>
<kw name="Set Variable" library="BuiltIn">
<var>${natid}</var>
<arg>${csv_associative[${i}]}[natid]</arg>
<doc>Returns the given values which can then be assigned to a variables.</doc>
<msg timestamp="20220928 19:43:04.049" level="INFO">${natid} = 1234567891</msg>
<status status="PASS" starttime="20220928 19:43:04.048" endtime="20220928 19:43:04.049"/>
</kw>
<kw name="Set Variable" library="BuiltIn">
<var>${name}</var>
<arg>${csv_associative[${i}]}[name]</arg>
<doc>Returns the given values which can then be assigned to a variables.</doc>
<msg timestamp="20220928 19:43:04.050" level="INFO">${name} = Bharath</msg>
<status status="PASS" starttime="20220928 19:43:04.049" endtime="20220928 19:43:04.050"/>
</kw>
<kw name="Set Variable" library="BuiltIn">
<var>${salary}</var>
<arg>${csv_associative[${i}]}[salary]</arg>
<doc>Returns the given values which can then be assigned to a variables.</doc>
<msg timestamp="20220928 19:43:04.051" level="INFO">${salary} = 100</msg>
<status status="PASS" starttime="20220928 19:43:04.050" endtime="20220928 19:43:04.051"/>
</kw>
<kw name="Set Variable" library="BuiltIn">
<var>${tax}</var>
<arg>${csv_associative[${i}]}[tax]</arg>
<doc>Returns the given values which can then be assigned to a variables.</doc>
<msg timestamp="20220928 19:43:04.053" level="INFO">${tax} = 20</msg>
<status status="PASS" starttime="20220928 19:43:04.052" endtime="20220928 19:43:04.053"/>
</kw>
<kw name="Convert Date" library="DateTime">
<var>${converted_dob}</var>
<arg>${DOB}</arg>
<arg>date_format=%d%m%Y</arg>
<doc>Converts between supported `date formats`.</doc>
<msg timestamp="20220928 19:43:04.055" level="INFO">${converted_dob} = 1994-03-14 00:00:00.000</msg>
<status status="PASS" starttime="20220928 19:43:04.054" endtime="20220928 19:43:04.055"/>
</kw>
<kw name="Convert Date" library="DateTime">
<var>${datetime_dob}</var>
<arg>${converted_dob}</arg>
<arg>datetime</arg>
<doc>Converts between supported `date formats`.</doc>
<msg timestamp="20220928 19:43:04.057" level="INFO">${datetime_dob} = 1994-03-14 00:00:00</msg>
<status status="PASS" starttime="20220928 19:43:04.056" endtime="20220928 19:43:04.057"/>
</kw>
<kw name="Get Age using DOB" library="common">
<var>${age_of_tax_payer}</var>
<arg>${datetime_dob}</arg>
<kw name="Get Current Date" library="DateTime">
<var>${current_date}</var>
<arg>result_format=datetime</arg>
<doc>Returns current local or UTC time with an optional increment.</doc>
<msg timestamp="20220928 19:43:04.058" level="INFO">${current_date} = 2022-09-28 19:43:04.057617</msg>
<status status="PASS" starttime="20220928 19:43:04.057" endtime="20220928 19:43:04.058"/>
</kw>
<kw name="Evaluate" library="BuiltIn">
<var>${age}</var>
<arg>${current_date.year}-${DOB.year}</arg>
<doc>Evaluates the given expression in Python and returns the result.</doc>
<msg timestamp="20220928 19:43:04.059" level="INFO">${age} = 28</msg>
<status status="PASS" starttime="20220928 19:43:04.058" endtime="20220928 19:43:04.059"/>
</kw>
<msg timestamp="20220928 19:43:04.060" level="INFO">${age_of_tax_payer} = 28</msg>
<status status="PASS" starttime="20220928 19:43:04.057" endtime="20220928 19:43:04.060"/>
</kw>
<kw name="Calculate tax amount" library="common">
<var>${bonus}</var>
<arg>${salary}</arg>
<arg>${tax}</arg>
<arg>${gender}</arg>
<arg>${age_of_tax_payer}</arg>
<kw name="Set Variable If" library="BuiltIn">
<var>${variable}</var>
<arg>${age_of_tax_payer} &lt; 18</arg>
<arg>1</arg>
<arg>${age_of_tax_payer} &lt; 35</arg>
<arg>0.8</arg>
<arg>${age_of_tax_payer} &lt; 50</arg>
<arg>0.5</arg>
<arg>${age_of_tax_payer} &lt; 75</arg>
<arg>0.367</arg>
<arg>${age_of_tax_payer} &gt; 76</arg>
<arg>0.05</arg>
<doc>Sets variable based on the given condition.</doc>
<kw name="Set Variable If" library="BuiltIn">
<arg>${age_of_tax_payer} &lt; 35</arg>
<arg>0.8</arg>
<arg>${age_of_tax_payer} &lt; 50</arg>
<arg>0.5</arg>
<arg>${age_of_tax_payer} &lt; 75</arg>
<arg>0.367</arg>
<arg>${age_of_tax_payer} &gt; 76</arg>
<arg>0.05</arg>
<doc>Sets variable based on the given condition.</doc>
<status status="PASS" starttime="20220928 19:43:04.061" endtime="20220928 19:43:04.061"/>
</kw>
<msg timestamp="20220928 19:43:04.061" level="INFO">${variable} = 0.8</msg>
<status status="PASS" starttime="20220928 19:43:04.060" endtime="20220928 19:43:04.061"/>
</kw>
<kw name="Set Variable If" library="BuiltIn">
<var>${gender_bonus}</var>
<arg>"${gender}" == "M"</arg>
<arg>0</arg>
<arg>"${gender}" == "F"</arg>
<arg>500</arg>
<doc>Sets variable based on the given condition.</doc>
<msg timestamp="20220928 19:43:04.062" level="INFO">${gender_bonus} = 0</msg>
<status status="PASS" starttime="20220928 19:43:04.062" endtime="20220928 19:43:04.062"/>
</kw>
<kw name="Evaluate" library="BuiltIn">
<var>${bonus}</var>
<arg>((${salary}-${tax})*${variable})+${gender_bonus}</arg>
<doc>Evaluates the given expression in Python and returns the result.</doc>
<msg timestamp="20220928 19:43:04.062" level="INFO">${bonus} = 64.0</msg>
<status status="PASS" starttime="20220928 19:43:04.062" endtime="20220928 19:43:04.062"/>
</kw>
<kw name="Evaluate" library="BuiltIn">
<var>${bonus}</var>
<arg>"%.2f" % ${bonus}</arg>
<doc>Evaluates the given expression in Python and returns the result.</doc>
<msg timestamp="20220928 19:43:04.063" level="INFO">${bonus} = 64.00</msg>
<status status="PASS" starttime="20220928 19:43:04.062" endtime="20220928 19:43:04.063"/>
</kw>
<if>
<branch type="IF" condition="${bonus}&lt;50">
<kw name="Set Variable" library="BuiltIn">
<var>${bonus}</var>
<arg>50.00</arg>
<doc>Returns the given values which can then be assigned to a variables.</doc>
<status status="NOT RUN" starttime="20220928 19:43:04.063" endtime="20220928 19:43:04.063"/>
</kw>
<status status="NOT RUN" starttime="20220928 19:43:04.063" endtime="20220928 19:43:04.063"/>
</branch>
<status status="PASS" starttime="20220928 19:43:04.063" endtime="20220928 19:43:04.063"/>
</if>
<msg timestamp="20220928 19:43:04.063" level="INFO">${bonus} = 64.00</msg>
<status status="PASS" starttime="20220928 19:43:04.060" endtime="20220928 19:43:04.063"/>
</kw>
<kw name="Get masked natural id" library="common">
<var>${masked_natid}</var>
<arg>${natid}</arg>
<kw name="Get Substring" library="String">
<var>${shortened_natid}</var>
<arg>${natid}</arg>
<arg>0</arg>
<arg>4</arg>
<doc>Returns a substring from ``start`` index to ``end`` index.</doc>
<msg timestamp="20220928 19:43:04.064" level="INFO">${shortened_natid} = 1234</msg>
<status status="PASS" starttime="20220928 19:43:04.064" endtime="20220928 19:43:04.064"/>
</kw>
<kw name="Catenate" library="BuiltIn">
<var>${masked_natid}</var>
<arg>${shortened_natid}$$$$$$</arg>
<doc>Catenates the given items together and returns the resulted string.</doc>
<msg timestamp="20220928 19:43:04.064" level="INFO">${masked_natid} = 1234$$$$$$</msg>
<status status="PASS" starttime="20220928 19:43:04.064" endtime="20220928 19:43:04.064"/>
</kw>
<msg timestamp="20220928 19:43:04.064" level="INFO">${masked_natid} = 1234$$$$$$</msg>
<status status="PASS" starttime="20220928 19:43:04.063" endtime="20220928 19:43:04.065"/>
</kw>
<kw name="Append To List" library="Collections">
<arg>${masked_natid_list}</arg>
<arg>${masked_natid}</arg>
<doc>Adds ``values`` to the end of ``list``.</doc>
<status status="PASS" starttime="20220928 19:43:04.065" endtime="20220928 19:43:04.065"/>
</kw>
<kw name="Append To List" library="Collections">
<arg>${bonus_list}</arg>
<arg>${bonus}</arg>
<doc>Adds ``values`` to the end of ``list``.</doc>
<status status="PASS" starttime="20220928 19:43:04.065" endtime="20220928 19:43:04.065"/>
</kw>
<kw name="Append To List" library="Collections">
<arg>${names_list}</arg>
<arg>${name}</arg>
<doc>Adds ``values`` to the end of ``list``.</doc>
<status status="PASS" starttime="20220928 19:43:04.065" endtime="20220928 19:43:04.065"/>
</kw>
<status status="PASS" starttime="20220928 19:43:04.046" endtime="20220928 19:43:04.065"/>
</iter>
<iter>
<var name="${i}">1</var>
<kw name="Set Variable" library="BuiltIn">
<var>${DOB}</var>
<arg>${csv_associative[${i}]}[birthday]</arg>
<doc>Returns the given values which can then be assigned to a variables.</doc>
<msg timestamp="20220928 19:43:04.066" level="INFO">${DOB} = 14031994</msg>
<status status="PASS" starttime="20220928 19:43:04.066" endtime="20220928 19:43:04.066"/>
</kw>
<kw name="Set Variable" library="BuiltIn">
<var>${gender}</var>
<arg>${csv_associative[${i}]}[gender]</arg>
<doc>Returns the given values which can then be assigned to a variables.</doc>
<msg timestamp="20220928 19:43:04.067" level="INFO">${gender} = M</msg>
<status status="PASS" starttime="20220928 19:43:04.067" endtime="20220928 19:43:04.067"/>
</kw>
<kw name="Set Variable" library="BuiltIn">
<var>${natid}</var>
<arg>${csv_associative[${i}]}[natid]</arg>
<doc>Returns the given values which can then be assigned to a variables.</doc>
<msg timestamp="20220928 19:43:04.068" level="INFO">${natid} = 1234567892</msg>
<status status="PASS" starttime="20220928 19:43:04.068" endtime="20220928 19:43:04.068"/>
</kw>
<kw name="Set Variable" library="BuiltIn">
<var>${name}</var>
<arg>${csv_associative[${i}]}[name]</arg>
<doc>Returns the given values which can then be assigned to a variables.</doc>
<msg timestamp="20220928 19:43:04.069" level="INFO">${name} = Bharath</msg>
<status status="PASS" starttime="20220928 19:43:04.068" endtime="20220928 19:43:04.069"/>
</kw>
<kw name="Set Variable" library="BuiltIn">
<var>${salary}</var>
<arg>${csv_associative[${i}]}[salary]</arg>
<doc>Returns the given values which can then be assigned to a variables.</doc>
<msg timestamp="20220928 19:43:04.070" level="INFO">${salary} = 1000</msg>
<status status="PASS" starttime="20220928 19:43:04.070" endtime="20220928 19:43:04.070"/>
</kw>
<kw name="Set Variable" library="BuiltIn">
<var>${tax}</var>
<arg>${csv_associative[${i}]}[tax]</arg>
<doc>Returns the given values which can then be assigned to a variables.</doc>
<msg timestamp="20220928 19:43:04.071" level="INFO">${tax} = 200</msg>
<status status="PASS" starttime="20220928 19:43:04.070" endtime="20220928 19:43:04.071"/>
</kw>
<kw name="Convert Date" library="DateTime">
<var>${converted_dob}</var>
<arg>${DOB}</arg>
<arg>date_format=%d%m%Y</arg>
<doc>Converts between supported `date formats`.</doc>
<msg timestamp="20220928 19:43:04.072" level="INFO">${converted_dob} = 1994-03-14 00:00:00.000</msg>
<status status="PASS" starttime="20220928 19:43:04.071" endtime="20220928 19:43:04.072"/>
</kw>
<kw name="Convert Date" library="DateTime">
<var>${datetime_dob}</var>
<arg>${converted_dob}</arg>
<arg>datetime</arg>
<doc>Converts between supported `date formats`.</doc>
<msg timestamp="20220928 19:43:04.072" level="INFO">${datetime_dob} = 1994-03-14 00:00:00</msg>
<status status="PASS" starttime="20220928 19:43:04.072" endtime="20220928 19:43:04.072"/>
</kw>
<kw name="Get Age using DOB" library="common">
<var>${age_of_tax_payer}</var>
<arg>${datetime_dob}</arg>
<kw name="Get Current Date" library="DateTime">
<var>${current_date}</var>
<arg>result_format=datetime</arg>
<doc>Returns current local or UTC time with an optional increment.</doc>
<msg timestamp="20220928 19:43:04.073" level="INFO">${current_date} = 2022-09-28 19:43:04.072505</msg>
<status status="PASS" starttime="20220928 19:43:04.072" endtime="20220928 19:43:04.073"/>
</kw>
<kw name="Evaluate" library="BuiltIn">
<var>${age}</var>
<arg>${current_date.year}-${DOB.year}</arg>
<doc>Evaluates the given expression in Python and returns the result.</doc>
<msg timestamp="20220928 19:43:04.074" level="INFO">${age} = 28</msg>
<status status="PASS" starttime="20220928 19:43:04.073" endtime="20220928 19:43:04.074"/>
</kw>
<msg timestamp="20220928 19:43:04.074" level="INFO">${age_of_tax_payer} = 28</msg>
<status status="PASS" starttime="20220928 19:43:04.072" endtime="20220928 19:43:04.074"/>
</kw>
<kw name="Calculate tax amount" library="common">
<var>${bonus}</var>
<arg>${salary}</arg>
<arg>${tax}</arg>
<arg>${gender}</arg>
<arg>${age_of_tax_payer}</arg>
<kw name="Set Variable If" library="BuiltIn">
<var>${variable}</var>
<arg>${age_of_tax_payer} &lt; 18</arg>
<arg>1</arg>
<arg>${age_of_tax_payer} &lt; 35</arg>
<arg>0.8</arg>
<arg>${age_of_tax_payer} &lt; 50</arg>
<arg>0.5</arg>
<arg>${age_of_tax_payer} &lt; 75</arg>
<arg>0.367</arg>
<arg>${age_of_tax_payer} &gt; 76</arg>
<arg>0.05</arg>
<doc>Sets variable based on the given condition.</doc>
<kw name="Set Variable If" library="BuiltIn">
<arg>${age_of_tax_payer} &lt; 35</arg>
<arg>0.8</arg>
<arg>${age_of_tax_payer} &lt; 50</arg>
<arg>0.5</arg>
<arg>${age_of_tax_payer} &lt; 75</arg>
<arg>0.367</arg>
<arg>${age_of_tax_payer} &gt; 76</arg>
<arg>0.05</arg>
<doc>Sets variable based on the given condition.</doc>
<status status="PASS" starttime="20220928 19:43:04.075" endtime="20220928 19:43:04.075"/>
</kw>
<msg timestamp="20220928 19:43:04.075" level="INFO">${variable} = 0.8</msg>
<status status="PASS" starttime="20220928 19:43:04.075" endtime="20220928 19:43:04.076"/>
</kw>
<kw name="Set Variable If" library="BuiltIn">
<var>${gender_bonus}</var>
<arg>"${gender}" == "M"</arg>
<arg>0</arg>
<arg>"${gender}" == "F"</arg>
<arg>500</arg>
<doc>Sets variable based on the given condition.</doc>
<msg timestamp="20220928 19:43:04.076" level="INFO">${gender_bonus} = 0</msg>
<status status="PASS" starttime="20220928 19:43:04.076" endtime="20220928 19:43:04.076"/>
</kw>
<kw name="Evaluate" library="BuiltIn">
<var>${bonus}</var>
<arg>((${salary}-${tax})*${variable})+${gender_bonus}</arg>
<doc>Evaluates the given expression in Python and returns the result.</doc>
<msg timestamp="20220928 19:43:04.076" level="INFO">${bonus} = 640.0</msg>
<status status="PASS" starttime="20220928 19:43:04.076" endtime="20220928 19:43:04.076"/>
</kw>
<kw name="Evaluate" library="BuiltIn">
<var>${bonus}</var>
<arg>"%.2f" % ${bonus}</arg>
<doc>Evaluates the given expression in Python and returns the result.</doc>
<msg timestamp="20220928 19:43:04.077" level="INFO">${bonus} = 640.00</msg>
<status status="PASS" starttime="20220928 19:43:04.076" endtime="20220928 19:43:04.077"/>
</kw>
<if>
<branch type="IF" condition="${bonus}&lt;50">
<kw name="Set Variable" library="BuiltIn">
<var>${bonus}</var>
<arg>50.00</arg>
<doc>Returns the given values which can then be assigned to a variables.</doc>
<status status="NOT RUN" starttime="20220928 19:43:04.077" endtime="20220928 19:43:04.077"/>
</kw>
<status status="NOT RUN" starttime="20220928 19:43:04.077" endtime="20220928 19:43:04.077"/>
</branch>
<status status="PASS" starttime="20220928 19:43:04.077" endtime="20220928 19:43:04.077"/>
</if>
<msg timestamp="20220928 19:43:04.077" level="INFO">${bonus} = 640.00</msg>
<status status="PASS" starttime="20220928 19:43:04.074" endtime="20220928 19:43:04.077"/>
</kw>
<kw name="Get masked natural id" library="common">
<var>${masked_natid}</var>
<arg>${natid}</arg>
<kw name="Get Substring" library="String">
<var>${shortened_natid}</var>
<arg>${natid}</arg>
<arg>0</arg>
<arg>4</arg>
<doc>Returns a substring from ``start`` index to ``end`` index.</doc>
<msg timestamp="20220928 19:43:04.078" level="INFO">${shortened_natid} = 1234</msg>
<status status="PASS" starttime="20220928 19:43:04.078" endtime="20220928 19:43:04.078"/>
</kw>
<kw name="Catenate" library="BuiltIn">
<var>${masked_natid}</var>
<arg>${shortened_natid}$$$$$$</arg>
<doc>Catenates the given items together and returns the resulted string.</doc>
<msg timestamp="20220928 19:43:04.078" level="INFO">${masked_natid} = 1234$$$$$$</msg>
<status status="PASS" starttime="20220928 19:43:04.078" endtime="20220928 19:43:04.078"/>
</kw>
<msg timestamp="20220928 19:43:04.078" level="INFO">${masked_natid} = 1234$$$$$$</msg>
<status status="PASS" starttime="20220928 19:43:04.077" endtime="20220928 19:43:04.078"/>
</kw>
<kw name="Append To List" library="Collections">
<arg>${masked_natid_list}</arg>
<arg>${masked_natid}</arg>
<doc>Adds ``values`` to the end of ``list``.</doc>
<status status="PASS" starttime="20220928 19:43:04.078" endtime="20220928 19:43:04.079"/>
</kw>
<kw name="Append To List" library="Collections">
<arg>${bonus_list}</arg>
<arg>${bonus}</arg>
<doc>Adds ``values`` to the end of ``list``.</doc>
<status status="PASS" starttime="20220928 19:43:04.079" endtime="20220928 19:43:04.079"/>
</kw>
<kw name="Append To List" library="Collections">
<arg>${names_list}</arg>
<arg>${name}</arg>
<doc>Adds ``values`` to the end of ``list``.</doc>
<status status="PASS" starttime="20220928 19:43:04.079" endtime="20220928 19:43:04.079"/>
</kw>
<status status="PASS" starttime="20220928 19:43:04.065" endtime="20220928 19:43:04.079"/>
</iter>
<iter>
<var name="${i}">2</var>
<kw name="Set Variable" library="BuiltIn">
<var>${DOB}</var>
<arg>${csv_associative[${i}]}[birthday]</arg>
<doc>Returns the given values which can then be assigned to a variables.</doc>
<msg timestamp="20220928 19:43:04.080" level="INFO">${DOB} = 14031994</msg>
<status status="PASS" starttime="20220928 19:43:04.079" endtime="20220928 19:43:04.080"/>
</kw>
<kw name="Set Variable" library="BuiltIn">
<var>${gender}</var>
<arg>${csv_associative[${i}]}[gender]</arg>
<doc>Returns the given values which can then be assigned to a variables.</doc>
<msg timestamp="20220928 19:43:04.081" level="INFO">${gender} = F</msg>
<status status="PASS" starttime="20220928 19:43:04.080" endtime="20220928 19:43:04.081"/>
</kw>
<kw name="Set Variable" library="BuiltIn">
<var>${natid}</var>
<arg>${csv_associative[${i}]}[natid]</arg>
<doc>Returns the given values which can then be assigned to a variables.</doc>
<msg timestamp="20220928 19:43:04.082" level="INFO">${natid} = 1234567893</msg>
<status status="PASS" starttime="20220928 19:43:04.081" endtime="20220928 19:43:04.082"/>
</kw>
<kw name="Set Variable" library="BuiltIn">
<var>${name}</var>
<arg>${csv_associative[${i}]}[name]</arg>
<doc>Returns the given values which can then be assigned to a variables.</doc>
<msg timestamp="20220928 19:43:04.083" level="INFO">${name} = Bharath</msg>
<status status="PASS" starttime="20220928 19:43:04.082" endtime="20220928 19:43:04.083"/>
</kw>
<kw name="Set Variable" library="BuiltIn">
<var>${salary}</var>
<arg>${csv_associative[${i}]}[salary]</arg>
<doc>Returns the given values which can then be assigned to a variables.</doc>
<msg timestamp="20220928 19:43:04.084" level="INFO">${salary} = 800</msg>
<status status="PASS" starttime="20220928 19:43:04.083" endtime="20220928 19:43:04.084"/>
</kw>
<kw name="Set Variable" library="BuiltIn">
<var>${tax}</var>
<arg>${csv_associative[${i}]}[tax]</arg>
<doc>Returns the given values which can then be assigned to a variables.</doc>
<msg timestamp="20220928 19:43:04.084" level="INFO">${tax} = 30</msg>
<status status="PASS" starttime="20220928 19:43:04.084" endtime="20220928 19:43:04.084"/>
</kw>
<kw name="Convert Date" library="DateTime">
<var>${converted_dob}</var>
<arg>${DOB}</arg>
<arg>date_format=%d%m%Y</arg>
<doc>Converts between supported `date formats`.</doc>
<msg timestamp="20220928 19:43:04.085" level="INFO">${converted_dob} = 1994-03-14 00:00:00.000</msg>
<status status="PASS" starttime="20220928 19:43:04.084" endtime="20220928 19:43:04.085"/>
</kw>
<kw name="Convert Date" library="DateTime">
<var>${datetime_dob}</var>
<arg>${converted_dob}</arg>
<arg>datetime</arg>
<doc>Converts between supported `date formats`.</doc>
<msg timestamp="20220928 19:43:04.085" level="INFO">${datetime_dob} = 1994-03-14 00:00:00</msg>
<status status="PASS" starttime="20220928 19:43:04.085" endtime="20220928 19:43:04.085"/>
</kw>
<kw name="Get Age using DOB" library="common">
<var>${age_of_tax_payer}</var>
<arg>${datetime_dob}</arg>
<kw name="Get Current Date" library="DateTime">
<var>${current_date}</var>
<arg>result_format=datetime</arg>
<doc>Returns current local or UTC time with an optional increment.</doc>
<msg timestamp="20220928 19:43:04.086" level="INFO">${current_date} = 2022-09-28 19:43:04.085610</msg>
<status status="PASS" starttime="20220928 19:43:04.085" endtime="20220928 19:43:04.086"/>
</kw>
<kw name="Evaluate" library="BuiltIn">
<var>${age}</var>
<arg>${current_date.year}-${DOB.year}</arg>
<doc>Evaluates the given expression in Python and returns the result.</doc>
<msg timestamp="20220928 19:43:04.087" level="INFO">${age} = 28</msg>
<status status="PASS" starttime="20220928 19:43:04.086" endtime="20220928 19:43:04.087"/>
</kw>
<msg timestamp="20220928 19:43:04.087" level="INFO">${age_of_tax_payer} = 28</msg>
<status status="PASS" starttime="20220928 19:43:04.085" endtime="20220928 19:43:04.087"/>
</kw>
<kw name="Calculate tax amount" library="common">
<var>${bonus}</var>
<arg>${salary}</arg>
<arg>${tax}</arg>
<arg>${gender}</arg>
<arg>${age_of_tax_payer}</arg>
<kw name="Set Variable If" library="BuiltIn">
<var>${variable}</var>
<arg>${age_of_tax_payer} &lt; 18</arg>
<arg>1</arg>
<arg>${age_of_tax_payer} &lt; 35</arg>
<arg>0.8</arg>
<arg>${age_of_tax_payer} &lt; 50</arg>
<arg>0.5</arg>
<arg>${age_of_tax_payer} &lt; 75</arg>
<arg>0.367</arg>
<arg>${age_of_tax_payer} &gt; 76</arg>
<arg>0.05</arg>
<doc>Sets variable based on the given condition.</doc>
<kw name="Set Variable If" library="BuiltIn">
<arg>${age_of_tax_payer} &lt; 35</arg>
<arg>0.8</arg>
<arg>${age_of_tax_payer} &lt; 50</arg>
<arg>0.5</arg>
<arg>${age_of_tax_payer} &lt; 75</arg>
<arg>0.367</arg>
<arg>${age_of_tax_payer} &gt; 76</arg>
<arg>0.05</arg>
<doc>Sets variable based on the given condition.</doc>
<status status="PASS" starttime="20220928 19:43:04.088" endtime="20220928 19:43:04.088"/>
</kw>
<msg timestamp="20220928 19:43:04.089" level="INFO">${variable} = 0.8</msg>
<status status="PASS" starttime="20220928 19:43:04.088" endtime="20220928 19:43:04.089"/>
</kw>
<kw name="Set Variable If" library="BuiltIn">
<var>${gender_bonus}</var>
<arg>"${gender}" == "M"</arg>
<arg>0</arg>
<arg>"${gender}" == "F"</arg>
<arg>500</arg>
<doc>Sets variable based on the given condition.</doc>
<kw name="Set Variable If" library="BuiltIn">
<arg>"${gender}" == "F"</arg>
<arg>500</arg>
<doc>Sets variable based on the given condition.</doc>
<status status="PASS" starttime="20220928 19:43:04.089" endtime="20220928 19:43:04.089"/>
</kw>
<msg timestamp="20220928 19:43:04.089" level="INFO">${gender_bonus} = 500</msg>
<status status="PASS" starttime="20220928 19:43:04.089" endtime="20220928 19:43:04.089"/>
</kw>
<kw name="Evaluate" library="BuiltIn">
<var>${bonus}</var>
<arg>((${salary}-${tax})*${variable})+${gender_bonus}</arg>
<doc>Evaluates the given expression in Python and returns the result.</doc>
<msg timestamp="20220928 19:43:04.089" level="INFO">${bonus} = 1116.0</msg>
<status status="PASS" starttime="20220928 19:43:04.089" endtime="20220928 19:43:04.090"/>
</kw>
<kw name="Evaluate" library="BuiltIn">
<var>${bonus}</var>
<arg>"%.2f" % ${bonus}</arg>
<doc>Evaluates the given expression in Python and returns the result.</doc>
<msg timestamp="20220928 19:43:04.090" level="INFO">${bonus} = 1116.00</msg>
<status status="PASS" starttime="20220928 19:43:04.090" endtime="20220928 19:43:04.090"/>
</kw>
<if>
<branch type="IF" condition="${bonus}&lt;50">
<kw name="Set Variable" library="BuiltIn">
<var>${bonus}</var>
<arg>50.00</arg>
<doc>Returns the given values which can then be assigned to a variables.</doc>
<status status="NOT RUN" starttime="20220928 19:43:04.090" endtime="20220928 19:43:04.090"/>
</kw>
<status status="NOT RUN" starttime="20220928 19:43:04.090" endtime="20220928 19:43:04.090"/>
</branch>
<status status="PASS" starttime="20220928 19:43:04.090" endtime="20220928 19:43:04.090"/>
</if>
<msg timestamp="20220928 19:43:04.090" level="INFO">${bonus} = 1116.00</msg>
<status status="PASS" starttime="20220928 19:43:04.087" endtime="20220928 19:43:04.090"/>
</kw>
<kw name="Get masked natural id" library="common">
<var>${masked_natid}</var>
<arg>${natid}</arg>
<kw name="Get Substring" library="String">
<var>${shortened_natid}</var>
<arg>${natid}</arg>
<arg>0</arg>
<arg>4</arg>
<doc>Returns a substring from ``start`` index to ``end`` index.</doc>
<msg timestamp="20220928 19:43:04.091" level="INFO">${shortened_natid} = 1234</msg>
<status status="PASS" starttime="20220928 19:43:04.091" endtime="20220928 19:43:04.091"/>
</kw>
<kw name="Catenate" library="BuiltIn">
<var>${masked_natid}</var>
<arg>${shortened_natid}$$$$$$</arg>
<doc>Catenates the given items together and returns the resulted string.</doc>
<msg timestamp="20220928 19:43:04.091" level="INFO">${masked_natid} = 1234$$$$$$</msg>
<status status="PASS" starttime="20220928 19:43:04.091" endtime="20220928 19:43:04.091"/>
</kw>
<msg timestamp="20220928 19:43:04.091" level="INFO">${masked_natid} = 1234$$$$$$</msg>
<status status="PASS" starttime="20220928 19:43:04.090" endtime="20220928 19:43:04.091"/>
</kw>
<kw name="Append To List" library="Collections">
<arg>${masked_natid_list}</arg>
<arg>${masked_natid}</arg>
<doc>Adds ``values`` to the end of ``list``.</doc>
<status status="PASS" starttime="20220928 19:43:04.091" endtime="20220928 19:43:04.092"/>
</kw>
<kw name="Append To List" library="Collections">
<arg>${bonus_list}</arg>
<arg>${bonus}</arg>
<doc>Adds ``values`` to the end of ``list``.</doc>
<status status="PASS" starttime="20220928 19:43:04.092" endtime="20220928 19:43:04.092"/>
</kw>
<kw name="Append To List" library="Collections">
<arg>${names_list}</arg>
<arg>${name}</arg>
<doc>Adds ``values`` to the end of ``list``.</doc>
<status status="PASS" starttime="20220928 19:43:04.092" endtime="20220928 19:43:04.092"/>
</kw>
<status status="PASS" starttime="20220928 19:43:04.079" endtime="20220928 19:43:04.092"/>
</iter>
<iter>
<var name="${i}">3</var>
<kw name="Set Variable" library="BuiltIn">
<var>${DOB}</var>
<arg>${csv_associative[${i}]}[birthday]</arg>
<doc>Returns the given values which can then be assigned to a variables.</doc>
<msg timestamp="20220928 19:43:04.093" level="INFO">${DOB} = 14031994</msg>
<status status="PASS" starttime="20220928 19:43:04.092" endtime="20220928 19:43:04.093"/>
</kw>
<kw name="Set Variable" library="BuiltIn">
<var>${gender}</var>
<arg>${csv_associative[${i}]}[gender]</arg>
<doc>Returns the given values which can then be assigned to a variables.</doc>
<msg timestamp="20220928 19:43:04.094" level="INFO">${gender} = M</msg>
<status status="PASS" starttime="20220928 19:43:04.093" endtime="20220928 19:43:04.094"/>
</kw>
<kw name="Set Variable" library="BuiltIn">
<var>${natid}</var>
<arg>${csv_associative[${i}]}[natid]</arg>
<doc>Returns the given values which can then be assigned to a variables.</doc>
<msg timestamp="20220928 19:43:04.095" level="INFO">${natid} = 1234567894</msg>
<status status="PASS" starttime="20220928 19:43:04.094" endtime="20220928 19:43:04.095"/>
</kw>
<kw name="Set Variable" library="BuiltIn">
<var>${name}</var>
<arg>${csv_associative[${i}]}[name]</arg>
<doc>Returns the given values which can then be assigned to a variables.</doc>
<msg timestamp="20220928 19:43:04.096" level="INFO">${name} = Bharath</msg>
<status status="PASS" starttime="20220928 19:43:04.095" endtime="20220928 19:43:04.096"/>
</kw>
<kw name="Set Variable" library="BuiltIn">
<var>${salary}</var>
<arg>${csv_associative[${i}]}[salary]</arg>
<doc>Returns the given values which can then be assigned to a variables.</doc>
<msg timestamp="20220928 19:43:04.097" level="INFO">${salary} = 100</msg>
<status status="PASS" starttime="20220928 19:43:04.096" endtime="20220928 19:43:04.097"/>
</kw>
<kw name="Set Variable" library="BuiltIn">
<var>${tax}</var>
<arg>${csv_associative[${i}]}[tax]</arg>
<doc>Returns the given values which can then be assigned to a variables.</doc>
<msg timestamp="20220928 19:43:04.098" level="INFO">${tax} = 45</msg>
<status status="PASS" starttime="20220928 19:43:04.097" endtime="20220928 19:43:04.098"/>
</kw>
<kw name="Convert Date" library="DateTime">
<var>${converted_dob}</var>
<arg>${DOB}</arg>
<arg>date_format=%d%m%Y</arg>
<doc>Converts between supported `date formats`.</doc>
<msg timestamp="20220928 19:43:04.098" level="INFO">${converted_dob} = 1994-03-14 00:00:00.000</msg>
<status status="PASS" starttime="20220928 19:43:04.098" endtime="20220928 19:43:04.098"/>
</kw>
<kw name="Convert Date" library="DateTime">
<var>${datetime_dob}</var>
<arg>${converted_dob}</arg>
<arg>datetime</arg>
<doc>Converts between supported `date formats`.</doc>
<msg timestamp="20220928 19:43:04.098" level="INFO">${datetime_dob} = 1994-03-14 00:00:00</msg>
<status status="PASS" starttime="20220928 19:43:04.098" endtime="20220928 19:43:04.098"/>
</kw>
<kw name="Get Age using DOB" library="common">
<var>${age_of_tax_payer}</var>
<arg>${datetime_dob}</arg>
<kw name="Get Current Date" library="DateTime">
<var>${current_date}</var>
<arg>result_format=datetime</arg>
<doc>Returns current local or UTC time with an optional increment.</doc>
<msg timestamp="20220928 19:43:04.099" level="INFO">${current_date} = 2022-09-28 19:43:04.098965</msg>
<status status="PASS" starttime="20220928 19:43:04.099" endtime="20220928 19:43:04.099"/>
</kw>
<kw name="Evaluate" library="BuiltIn">
<var>${age}</var>
<arg>${current_date.year}-${DOB.year}</arg>
<doc>Evaluates the given expression in Python and returns the result.</doc>
<msg timestamp="20220928 19:43:04.100" level="INFO">${age} = 28</msg>
<status status="PASS" starttime="20220928 19:43:04.099" endtime="20220928 19:43:04.100"/>
</kw>
<msg timestamp="20220928 19:43:04.100" level="INFO">${age_of_tax_payer} = 28</msg>
<status status="PASS" starttime="20220928 19:43:04.099" endtime="20220928 19:43:04.101"/>
</kw>
<kw name="Calculate tax amount" library="common">
<var>${bonus}</var>
<arg>${salary}</arg>
<arg>${tax}</arg>
<arg>${gender}</arg>
<arg>${age_of_tax_payer}</arg>
<kw name="Set Variable If" library="BuiltIn">
<var>${variable}</var>
<arg>${age_of_tax_payer} &lt; 18</arg>
<arg>1</arg>
<arg>${age_of_tax_payer} &lt; 35</arg>
<arg>0.8</arg>
<arg>${age_of_tax_payer} &lt; 50</arg>
<arg>0.5</arg>
<arg>${age_of_tax_payer} &lt; 75</arg>
<arg>0.367</arg>
<arg>${age_of_tax_payer} &gt; 76</arg>
<arg>0.05</arg>
<doc>Sets variable based on the given condition.</doc>
<kw name="Set Variable If" library="BuiltIn">
<arg>${age_of_tax_payer} &lt; 35</arg>
<arg>0.8</arg>
<arg>${age_of_tax_payer} &lt; 50</arg>
<arg>0.5</arg>
<arg>${age_of_tax_payer} &lt; 75</arg>
<arg>0.367</arg>
<arg>${age_of_tax_payer} &gt; 76</arg>
<arg>0.05</arg>
<doc>Sets variable based on the given condition.</doc>
<status status="PASS" starttime="20220928 19:43:04.101" endtime="20220928 19:43:04.102"/>
</kw>
<msg timestamp="20220928 19:43:04.102" level="INFO">${variable} = 0.8</msg>
<status status="PASS" starttime="20220928 19:43:04.101" endtime="20220928 19:43:04.102"/>
</kw>
<kw name="Set Variable If" library="BuiltIn">
<var>${gender_bonus}</var>
<arg>"${gender}" == "M"</arg>
<arg>0</arg>
<arg>"${gender}" == "F"</arg>
<arg>500</arg>
<doc>Sets variable based on the given condition.</doc>
<msg timestamp="20220928 19:43:04.102" level="INFO">${gender_bonus} = 0</msg>
<status status="PASS" starttime="20220928 19:43:04.102" endtime="20220928 19:43:04.102"/>
</kw>
<kw name="Evaluate" library="BuiltIn">
<var>${bonus}</var>
<arg>((${salary}-${tax})*${variable})+${gender_bonus}</arg>
<doc>Evaluates the given expression in Python and returns the result.</doc>
<msg timestamp="20220928 19:43:04.102" level="INFO">${bonus} = 44.0</msg>
<status status="PASS" starttime="20220928 19:43:04.102" endtime="20220928 19:43:04.102"/>
</kw>
<kw name="Evaluate" library="BuiltIn">
<var>${bonus}</var>
<arg>"%.2f" % ${bonus}</arg>
<doc>Evaluates the given expression in Python and returns the result.</doc>
<msg timestamp="20220928 19:43:04.103" level="INFO">${bonus} = 44.00</msg>
<status status="PASS" starttime="20220928 19:43:04.102" endtime="20220928 19:43:04.103"/>
</kw>
<if>
<branch type="IF" condition="${bonus}&lt;50">
<kw name="Set Variable" library="BuiltIn">
<var>${bonus}</var>
<arg>50.00</arg>
<doc>Returns the given values which can then be assigned to a variables.</doc>
<msg timestamp="20220928 19:43:04.103" level="INFO">${bonus} = 50.00</msg>
<status status="PASS" starttime="20220928 19:43:04.103" endtime="20220928 19:43:04.103"/>
</kw>
<status status="PASS" starttime="20220928 19:43:04.103" endtime="20220928 19:43:04.103"/>
</branch>
<status status="PASS" starttime="20220928 19:43:04.103" endtime="20220928 19:43:04.103"/>
</if>
<msg timestamp="20220928 19:43:04.103" level="INFO">${bonus} = 50.00</msg>
<status status="PASS" starttime="20220928 19:43:04.101" endtime="20220928 19:43:04.103"/>
</kw>
<kw name="Get masked natural id" library="common">
<var>${masked_natid}</var>
<arg>${natid}</arg>
<kw name="Get Substring" library="String">
<var>${shortened_natid}</var>
<arg>${natid}</arg>
<arg>0</arg>
<arg>4</arg>
<doc>Returns a substring from ``start`` index to ``end`` index.</doc>
<msg timestamp="20220928 19:43:04.104" level="INFO">${shortened_natid} = 1234</msg>
<status status="PASS" starttime="20220928 19:43:04.104" endtime="20220928 19:43:04.104"/>
</kw>
<kw name="Catenate" library="BuiltIn">
<var>${masked_natid}</var>
<arg>${shortened_natid}$$$$$$</arg>
<doc>Catenates the given items together and returns the resulted string.</doc>
<msg timestamp="20220928 19:43:04.104" level="INFO">${masked_natid} = 1234$$$$$$</msg>
<status status="PASS" starttime="20220928 19:43:04.104" endtime="20220928 19:43:04.104"/>
</kw>
<msg timestamp="20220928 19:43:04.104" level="INFO">${masked_natid} = 1234$$$$$$</msg>
<status status="PASS" starttime="20220928 19:43:04.103" endtime="20220928 19:43:04.104"/>
</kw>
<kw name="Append To List" library="Collections">
<arg>${masked_natid_list}</arg>
<arg>${masked_natid}</arg>
<doc>Adds ``values`` to the end of ``list``.</doc>
<status status="PASS" starttime="20220928 19:43:04.105" endtime="20220928 19:43:04.105"/>
</kw>
<kw name="Append To List" library="Collections">
<arg>${bonus_list}</arg>
<arg>${bonus}</arg>
<doc>Adds ``values`` to the end of ``list``.</doc>
<status status="PASS" starttime="20220928 19:43:04.105" endtime="20220928 19:43:04.105"/>
</kw>
<kw name="Append To List" library="Collections">
<arg>${names_list}</arg>
<arg>${name}</arg>
<doc>Adds ``values`` to the end of ``list``.</doc>
<status status="PASS" starttime="20220928 19:43:04.105" endtime="20220928 19:43:04.105"/>
</kw>
<status status="PASS" starttime="20220928 19:43:04.092" endtime="20220928 19:43:04.105"/>
</iter>
<status status="PASS" starttime="20220928 19:43:04.046" endtime="20220928 19:43:04.105"/>
</for>
<kw name="Set Test Variable" library="BuiltIn">
<arg>${masked_natid_list}</arg>
<doc>Makes a variable available everywhere within the scope of the current test.</doc>
<msg timestamp="20220928 19:43:04.106" level="INFO">${masked_natid_list} = ['1234$$$$$$', '1234$$$$$$', '1234$$$$$$', '1234$$$$$$']</msg>
<status status="PASS" starttime="20220928 19:43:04.105" endtime="20220928 19:43:04.106"/>
</kw>
<kw name="Set Test Variable" library="BuiltIn">
<arg>${bonus_list}</arg>
<doc>Makes a variable available everywhere within the scope of the current test.</doc>
<msg timestamp="20220928 19:43:04.106" level="INFO">${bonus_list} = ['64.00', '640.00', '1116.00', '50.00']</msg>
<status status="PASS" starttime="20220928 19:43:04.106" endtime="20220928 19:43:04.106"/>
</kw>
<kw name="Set Test Variable" library="BuiltIn">
<arg>${names_list}</arg>
<doc>Makes a variable available everywhere within the scope of the current test.</doc>
<msg timestamp="20220928 19:43:04.106" level="INFO">${names_list} = ['Bharath', 'Bharath', 'Bharath', 'Bharath']</msg>
<status status="PASS" starttime="20220928 19:43:04.106" endtime="20220928 19:43:04.106"/>
</kw>
<status status="PASS" starttime="20220928 19:43:04.042" endtime="20220928 19:43:04.106"/>
</kw>
<status status="PASS" starttime="20220928 19:42:58.958" endtime="20220928 19:43:04.107"/>
</kw>
<kw name="Click on Dispense now button" library="dispenseTaxRelief">
<kw name="Scroll Element Into View" library="SeleniumLibrary">
<arg>${dispence_now_button_xpath}</arg>
<doc>Scrolls the element identified by ``locator`` into view.</doc>
<status status="PASS" starttime="20220928 19:43:04.107" endtime="20220928 19:43:04.386"/>
</kw>
<kw name="Wait Until Element Is Enabled" library="SeleniumLibrary">
<arg>${dispence_now_button_xpath}</arg>
<doc>Waits until the element ``locator`` is enabled.</doc>
<status status="PASS" starttime="20220928 19:43:04.386" endtime="20220928 19:43:04.419"/>
</kw>
<kw name="Click Element" library="SeleniumLibrary">
<arg>${dispence_now_button_xpath}</arg>
<doc>Click the element identified by ``locator``.</doc>
<msg timestamp="20220928 19:43:04.420" level="INFO">Clicking element '//*[text()='Dispense Now']'.</msg>
<status status="PASS" starttime="20220928 19:43:04.419" endtime="20220928 19:43:05.028"/>
</kw>
<status status="PASS" starttime="20220928 19:43:04.107" endtime="20220928 19:43:05.029"/>
</kw>
<kw name="Validate cash dispensed page is displayed" library="dispenseTaxRelief">
<kw name="Location Should Contain" library="SeleniumLibrary">
<arg>${cash_dispensed_url}</arg>
<doc>Verifies that the current URL contains ``expected``.</doc>
<msg timestamp="20220928 19:43:05.037" level="INFO">Current location contains '/dispense'.</msg>
<status status="PASS" starttime="20220928 19:43:05.030" endtime="20220928 19:43:05.037"/>
</kw>
<kw name="Page Should Contain" library="SeleniumLibrary">
<arg>${cash_dispensed_text}</arg>
<doc>Verifies that current page contains ``text``.</doc>
<msg timestamp="20220928 19:43:05.052" level="INFO">Current page contains text 'Cash dispensed'.</msg>
<status status="PASS" starttime="20220928 19:43:05.037" endtime="20220928 19:43:05.052"/>
</kw>
<status status="PASS" starttime="20220928 19:43:05.029" endtime="20220928 19:43:05.052"/>
</kw>
<kw name="Run Keywords" library="BuiltIn" type="TEARDOWN">
<arg>Close browser</arg>
<arg>AND</arg>
<arg>Clear Data Base</arg>
<doc>Executes all the given keywords in a sequence.</doc>
<kw name="Close Browser" library="SeleniumLibrary">
<doc>Closes the current browser.</doc>
<status status="PASS" starttime="20220928 19:43:05.053" endtime="20220928 19:43:05.278"/>
</kw>
<kw name="Clear Data Base" library="common">
<kw name="POST On Session" library="RequestsLibrary">
<arg>${SESSION_NAME}</arg>
<arg>url=${clear_data_base_url}</arg>
<doc>Sends a POST request on a previously created HTTP Session.</doc>
<msg timestamp="20220928 19:43:05.292" level="INFO">POST Request : url=http://localhost:8080/calculator/rakeDatabase 
 path_url=/calculator/rakeDatabase 
 headers={'User-Agent': 'python-requests/2.28.1', 'Accept-Encoding': 'gzip, deflate', 'Accept': '*/*', 'Connection': 'keep-alive', 'Content-Length': '0'} 
 body=None 
 </msg>
<msg timestamp="20220928 19:43:05.292" level="INFO">POST Response : url=http://localhost:8080/calculator/rakeDatabase 
 status=200, reason= 
 headers={'Content-Type': 'text/plain;charset=UTF-8', 'Content-Length': '21', 'Date': 'Wed, 28 Sep 2022 14:13:05 GMT'} 
 body=Successfully raked DB 
 </msg>
<status status="PASS" starttime="20220928 19:43:05.279" endtime="20220928 19:43:05.292"/>
</kw>
<status status="PASS" starttime="20220928 19:43:05.278" endtime="20220928 19:43:05.292"/>
</kw>
<status status="PASS" starttime="20220928 19:43:05.052" endtime="20220928 19:43:05.292"/>
</kw>
<tag>AC3</tag>
<tag>SMOKE</tag>
<tag>US5</tag>
<status status="PASS" starttime="20220928 19:42:53.701" endtime="20220928 19:43:05.293"/>
</test>
<status status="PASS" starttime="20220928 19:42:41.438" endtime="20220928 19:43:05.294"/>
</suite>
<suite id="s1-s2" name="multiRecordInsertion" source="/Users/a151337/PycharmProjects/robotFrameworkUIAPIAutomationSample/suites/multiRecordInsertion.robot">
<test id="s1-s2-t1" name="Validate if Clerk is able to insert multiple records with all valid details" line="11">
<kw name="Run Keywords" library="BuiltIn" type="SETUP">
<arg>Launch Oppenheimer Project Home Screen</arg>
<arg>AND</arg>
<arg>Instantiate session</arg>
<doc>Executes all the given keywords in a sequence.</doc>
<kw name="Launch Oppenheimer Project Home Screen" library="common">
<kw name="Get Driver Path With Browser" library="WebDriverManager">
<var>${driver_path}</var>
<arg>${BROWSER}</arg>
<msg timestamp="20220928 19:43:05.323" level="INFO">====== WebDriver manager ======</msg>
<msg timestamp="20220928 19:43:05.467" level="INFO">Get LATEST chromedriver version for google-chrome 105.0.5195</msg>
<msg timestamp="20220928 19:43:06.913" level="INFO">Driver [/Users/a151337/.wdm/drivers/chromedriver/mac64/105.0.5195/chromedriver] found in cache</msg>
<msg timestamp="20220928 19:43:06.913" level="INFO">/Users/a151337/.wdm/drivers/chromedriver/mac64/105.0.5195/chromedriver</msg>
<msg timestamp="20220928 19:43:06.914" level="INFO">${driver_path} = /Users/a151337/.wdm/drivers/chromedriver/mac64/105.0.5195/chromedriver</msg>
<status status="PASS" starttime="20220928 19:43:05.323" endtime="20220928 19:43:06.914"/>
</kw>
<kw name="Open Browser" library="SeleniumLibrary">
<arg>${BASE_URL}</arg>
<arg>${BROWSER}</arg>
<arg>executable_path=${driver_path}</arg>
<arg>options=add_argument("--ignore-certificate-errors");add_argument("--start-maximized")</arg>
<doc>Opens a new browser instance to the optional ``url``.</doc>
<msg timestamp="20220928 19:43:06.915" level="INFO">Opening browser 'Chrome' to base url 'http://localhost:8080'.</msg>
<status status="PASS" starttime="20220928 19:43:06.914" endtime="20220928 19:43:10.877"/>
</kw>
<kw name="Set Selenium Implicit Wait" library="SeleniumLibrary">
<arg>60s</arg>
<doc>Sets the implicit wait value used by Selenium.</doc>
<status status="PASS" starttime="20220928 19:43:10.878" endtime="20220928 19:43:10.880"/>
</kw>
<status status="PASS" starttime="20220928 19:43:05.322" endtime="20220928 19:43:10.880"/>
</kw>
<kw name="Instantiate session" library="common">
<kw name="Create Session" library="RequestsLibrary">
<arg>${SESSION_NAME}</arg>
<arg>${BASE_URL}</arg>
<doc>Create Session: create a HTTP session to a server</doc>
<msg timestamp="20220928 19:43:10.881" level="INFO">Creating Session using : alias=Oppenheimer, url=http://localhost:8080, headers={},                     cookies={}, auth=None, timeout=None, proxies=None, verify=False,                     debug=0 </msg>
<status status="PASS" starttime="20220928 19:43:10.881" endtime="20220928 19:43:10.882"/>
</kw>
<status status="PASS" starttime="20220928 19:43:10.880" endtime="20220928 19:43:10.882"/>
</kw>
<status status="PASS" starttime="20220928 19:43:05.322" endtime="20220928 19:43:10.882"/>
</kw>
<kw name="Insert multiple records with all valid fields usng API" library="multiRecordInsertion">
<kw name="Get Json string from json file" library="common">
<var>${input_body}</var>
<arg>${valid_input_file}</arg>
<kw name="Get File" library="OperatingSystem">
<var>${json_string}</var>
<arg>${path}</arg>
<doc>Returns the contents of a specified file.</doc>
<msg timestamp="20220928 19:43:10.885" level="INFO" html="true">Getting file '&lt;a href="file:///Users/a151337/PycharmProjects/robotFrameworkUIAPIAutomationSample/inputData/multiRecordInsertion/validInsertion.json"&gt;/Users/a151337/PycharmProjects/robotFrameworkUIAPIAutomationSample/inputData/multiRecordInsertion/validInsertion.json&lt;/a&gt;'.</msg>
<msg timestamp="20220928 19:43:10.886" level="INFO">${json_string} = [{"birthday":"14031994","gender":"M","name":"Bharath","natid":"1234567891","salary":"100","tax":"20"},{"birthday":"14031995","gender":"M","name":"Test3","natid":"1234567892","salary":"1000","tax":"90"...</msg>
<status status="PASS" starttime="20220928 19:43:10.884" endtime="20220928 19:43:10.886"/>
</kw>
<msg timestamp="20220928 19:43:10.886" level="INFO">${input_body} = [{"birthday":"14031994","gender":"M","name":"Bharath","natid":"1234567891","salary":"100","tax":"20"},{"birthday":"14031995","gender":"M","name":"Test3","natid":"1234567892","salary":"1000","tax":"90"...</msg>
<status status="PASS" starttime="20220928 19:43:10.883" endtime="20220928 19:43:10.886"/>
</kw>
<kw name="Create Dictionary" library="BuiltIn">
<var>&amp;{headers}</var>
<arg>Content-Type=application/json</arg>
<doc>Creates and returns a dictionary based on the given ``items``.</doc>
<msg timestamp="20220928 19:43:10.887" level="INFO">&amp;{headers} = { Content-Type=application/json }</msg>
<status status="PASS" starttime="20220928 19:43:10.886" endtime="20220928 19:43:10.887"/>
</kw>
<kw name="Log" library="BuiltIn">
<arg>${input_body}</arg>
<doc>Logs the given message with the given level.</doc>
<msg timestamp="20220928 19:43:10.887" level="INFO">[{"birthday":"14031994","gender":"M","name":"Bharath","natid":"1234567891","salary":"100","tax":"20"},{"birthday":"14031995","gender":"M","name":"Test3","natid":"1234567892","salary":"1000","tax":"90"},{"birthday":"14031995","gender":"M","name":"Test2","natid":"1234567892","salary":"10000","tax":"2500"}]</msg>
<status status="PASS" starttime="20220928 19:43:10.887" endtime="20220928 19:43:10.887"/>
</kw>
<kw name="POST On Session" library="RequestsLibrary">
<arg>${SESSION_NAME}</arg>
<arg>url=${insert_multi_record_endpoint}</arg>
<arg>data=${input_body}</arg>
<arg>headers=${headers}</arg>
<arg>expected_status=202</arg>
<doc>Sends a POST request on a previously created HTTP Session.</doc>
<msg timestamp="20220928 19:43:11.075" level="INFO">POST Request : url=http://localhost:8080/calculator/insertMultiple 
 path_url=/calculator/insertMultiple 
 headers={'User-Agent': 'python-requests/2.28.1', 'Accept-Encoding': 'gzip, deflate', 'Accept': '*/*', 'Connection': 'keep-alive', 'Content-Type': 'application/json', 'Content-Length': '305'} 
 body=[{"birthday":"14031994","gender":"M","name":"Bharath","natid":"1234567891","salary":"100","tax":"20"},{"birthday":"14031995","gender":"M","name":"Test3","natid":"1234567892","salary":"1000","tax":"90"},{"birthday":"14031995","gender":"M","name":"Test2","natid":"1234567892","salary":"10000","tax":"2500"}] 
 </msg>
<msg timestamp="20220928 19:43:11.075" level="INFO">POST Response : url=http://localhost:8080/calculator/insertMultiple 
 status=202, reason= 
 headers={'Content-Type': 'text/plain;charset=UTF-8', 'Content-Length': '7', 'Date': 'Wed, 28 Sep 2022 14:13:10 GMT'} 
 body=Alright 
 </msg>
<status status="PASS" starttime="20220928 19:43:10.887" endtime="20220928 19:43:11.076"/>
</kw>
<kw name="Set Test Data" library="multiRecordInsertion">
<arg>${input_body}</arg>
<kw name="Convert String To Json" library="JSONLibrary">
<var>${input_json}</var>
<arg>${input_json}</arg>
<doc>Convert String to JSON object</doc>
<msg timestamp="20220928 19:43:11.077" level="INFO">${input_json} = [{'birthday': '14031994', 'gender': 'M', 'name': 'Bharath', 'natid': '1234567891', 'salary': '100', 'tax': '20'}, {'birthday': '14031995', 'gender': 'M', 'name': 'Test3', 'natid': '1234567892', 'salar...</msg>
<status status="PASS" starttime="20220928 19:43:11.077" endtime="20220928 19:43:11.077"/>
</kw>
<kw name="Get Value From Json" library="JSONLibrary">
<var>${DOB}</var>
<arg>${input_json}</arg>
<arg>$..birthday</arg>
<doc>Get Value From JSON using JSONPath</doc>
<msg timestamp="20220928 19:43:11.103" level="INFO">${DOB} = ['14031994', '14031995', '14031995']</msg>
<status status="PASS" starttime="20220928 19:43:11.077" endtime="20220928 19:43:11.104"/>
</kw>
<kw name="Get Value From Json" library="JSONLibrary">
<var>${gender}</var>
<arg>${input_json}</arg>
<arg>$..gender</arg>
<doc>Get Value From JSON using JSONPath</doc>
<msg timestamp="20220928 19:43:11.124" level="INFO">${gender} = ['M', 'M', 'M']</msg>
<status status="PASS" starttime="20220928 19:43:11.104" endtime="20220928 19:43:11.124"/>
</kw>
<kw name="Get Value From Json" library="JSONLibrary">
<var>${natid}</var>
<arg>${input_json}</arg>
<arg>$..natid</arg>
<doc>Get Value From JSON using JSONPath</doc>
<msg timestamp="20220928 19:43:11.144" level="INFO">${natid} = ['1234567891', '1234567892', '1234567892']</msg>
<status status="PASS" starttime="20220928 19:43:11.124" endtime="20220928 19:43:11.145"/>
</kw>
<kw name="Get Value From Json" library="JSONLibrary">
<var>${salary}</var>
<arg>${input_json}</arg>
<arg>$..salary</arg>
<doc>Get Value From JSON using JSONPath</doc>
<msg timestamp="20220928 19:43:11.165" level="INFO">${salary} = ['100', '1000', '10000']</msg>
<status status="PASS" starttime="20220928 19:43:11.145" endtime="20220928 19:43:11.165"/>
</kw>
<kw name="Get Value From Json" library="JSONLibrary">
<var>${tax}</var>
<arg>${input_json}</arg>
<arg>$..tax</arg>
<doc>Get Value From JSON using JSONPath</doc>
<msg timestamp="20220928 19:43:11.185" level="INFO">${tax} = ['20', '90', '2500']</msg>
<status status="PASS" starttime="20220928 19:43:11.165" endtime="20220928 19:43:11.185"/>
</kw>
<kw name="Get Length" library="BuiltIn">
<var>${length}</var>
<arg>${input_json}</arg>
<doc>Returns and logs the length of the given item as an integer.</doc>
<msg timestamp="20220928 19:43:11.186" level="INFO">Length is 3</msg>
<msg timestamp="20220928 19:43:11.186" level="INFO">${length} = 3</msg>
<status status="PASS" starttime="20220928 19:43:11.185" endtime="20220928 19:43:11.186"/>
</kw>
<kw name="Create List" library="BuiltIn">
<var>@{masked_natid_list}</var>
<doc>Returns a list containing given items.</doc>
<msg timestamp="20220928 19:43:11.186" level="INFO">@{masked_natid_list} = [ ]</msg>
<status status="PASS" starttime="20220928 19:43:11.186" endtime="20220928 19:43:11.186"/>
</kw>
<kw name="Create List" library="BuiltIn">
<var>@{bonus_list}</var>
<doc>Returns a list containing given items.</doc>
<msg timestamp="20220928 19:43:11.186" level="INFO">@{bonus_list} = [ ]</msg>
<status status="PASS" starttime="20220928 19:43:11.186" endtime="20220928 19:43:11.187"/>
</kw>
<for flavor="IN RANGE">
<var>${i}</var>
<value>0</value>
<value>${length}</value>
<iter>
<var name="${i}">0</var>
<kw name="Convert Date" library="DateTime">
<var>${converted_dob}</var>
<arg>${DOB[${i}]}</arg>
<arg>date_format=%d%m%Y</arg>
<doc>Converts between supported `date formats`.</doc>
<msg timestamp="20220928 19:43:11.188" level="INFO">${converted_dob} = 1994-03-14 00:00:00.000</msg>
<status status="PASS" starttime="20220928 19:43:11.187" endtime="20220928 19:43:11.188"/>
</kw>
<kw name="Convert Date" library="DateTime">
<var>${datetime_dob}</var>
<arg>${converted_dob}</arg>
<arg>datetime</arg>
<doc>Converts between supported `date formats`.</doc>
<msg timestamp="20220928 19:43:11.188" level="INFO">${datetime_dob} = 1994-03-14 00:00:00</msg>
<status status="PASS" starttime="20220928 19:43:11.188" endtime="20220928 19:43:11.188"/>
</kw>
<kw name="Get Age using DOB" library="common">
<var>${age_of_tax_payer}</var>
<arg>${datetime_dob}</arg>
<kw name="Get Current Date" library="DateTime">
<var>${current_date}</var>
<arg>result_format=datetime</arg>
<doc>Returns current local or UTC time with an optional increment.</doc>
<msg timestamp="20220928 19:43:11.189" level="INFO">${current_date} = 2022-09-28 19:43:11.188900</msg>
<status status="PASS" starttime="20220928 19:43:11.189" endtime="20220928 19:43:11.189"/>
</kw>
<kw name="Evaluate" library="BuiltIn">
<var>${age}</var>
<arg>${current_date.year}-${DOB.year}</arg>
<doc>Evaluates the given expression in Python and returns the result.</doc>
<msg timestamp="20220928 19:43:11.190" level="INFO">${age} = 28</msg>
<status status="PASS" starttime="20220928 19:43:11.189" endtime="20220928 19:43:11.190"/>
</kw>
<msg timestamp="20220928 19:43:11.190" level="INFO">${age_of_tax_payer} = 28</msg>
<status status="PASS" starttime="20220928 19:43:11.188" endtime="20220928 19:43:11.190"/>
</kw>
<kw name="Calculate tax amount" library="common">
<var>${bonus}</var>
<arg>${salary[${i}]}</arg>
<arg>${tax[${i}]}</arg>
<arg>${gender[${i}]}</arg>
<arg>${age_of_tax_payer}</arg>
<kw name="Set Variable If" library="BuiltIn">
<var>${variable}</var>
<arg>${age_of_tax_payer} &lt; 18</arg>
<arg>1</arg>
<arg>${age_of_tax_payer} &lt; 35</arg>
<arg>0.8</arg>
<arg>${age_of_tax_payer} &lt; 50</arg>
<arg>0.5</arg>
<arg>${age_of_tax_payer} &lt; 75</arg>
<arg>0.367</arg>
<arg>${age_of_tax_payer} &gt; 76</arg>
<arg>0.05</arg>
<doc>Sets variable based on the given condition.</doc>
<kw name="Set Variable If" library="BuiltIn">
<arg>${age_of_tax_payer} &lt; 35</arg>
<arg>0.8</arg>
<arg>${age_of_tax_payer} &lt; 50</arg>
<arg>0.5</arg>
<arg>${age_of_tax_payer} &lt; 75</arg>
<arg>0.367</arg>
<arg>${age_of_tax_payer} &gt; 76</arg>
<arg>0.05</arg>
<doc>Sets variable based on the given condition.</doc>
<status status="PASS" starttime="20220928 19:43:11.193" endtime="20220928 19:43:11.193"/>
</kw>
<msg timestamp="20220928 19:43:11.193" level="INFO">${variable} = 0.8</msg>
<status status="PASS" starttime="20220928 19:43:11.192" endtime="20220928 19:43:11.193"/>
</kw>
<kw name="Set Variable If" library="BuiltIn">
<var>${gender_bonus}</var>
<arg>"${gender}" == "M"</arg>
<arg>0</arg>
<arg>"${gender}" == "F"</arg>
<arg>500</arg>
<doc>Sets variable based on the given condition.</doc>
<msg timestamp="20220928 19:43:11.193" level="INFO">${gender_bonus} = 0</msg>
<status status="PASS" starttime="20220928 19:43:11.193" endtime="20220928 19:43:11.193"/>
</kw>
<kw name="Evaluate" library="BuiltIn">
<var>${bonus}</var>
<arg>((${salary}-${tax})*${variable})+${gender_bonus}</arg>
<doc>Evaluates the given expression in Python and returns the result.</doc>
<msg timestamp="20220928 19:43:11.194" level="INFO">${bonus} = 64.0</msg>
<status status="PASS" starttime="20220928 19:43:11.193" endtime="20220928 19:43:11.194"/>
</kw>
<kw name="Evaluate" library="BuiltIn">
<var>${bonus}</var>
<arg>"%.2f" % ${bonus}</arg>
<doc>Evaluates the given expression in Python and returns the result.</doc>
<msg timestamp="20220928 19:43:11.194" level="INFO">${bonus} = 64.00</msg>
<status status="PASS" starttime="20220928 19:43:11.194" endtime="20220928 19:43:11.194"/>
</kw>
<if>
<branch type="IF" condition="${bonus}&lt;50">
<kw name="Set Variable" library="BuiltIn">
<var>${bonus}</var>
<arg>50.00</arg>
<doc>Returns the given values which can then be assigned to a variables.</doc>
<status status="NOT RUN" starttime="20220928 19:43:11.194" endtime="20220928 19:43:11.194"/>
</kw>
<status status="NOT RUN" starttime="20220928 19:43:11.194" endtime="20220928 19:43:11.194"/>
</branch>
<status status="PASS" starttime="20220928 19:43:11.194" endtime="20220928 19:43:11.195"/>
</if>
<msg timestamp="20220928 19:43:11.195" level="INFO">${bonus} = 64.00</msg>
<status status="PASS" starttime="20220928 19:43:11.190" endtime="20220928 19:43:11.195"/>
</kw>
<kw name="Get masked natural id" library="common">
<var>${masked_natid}</var>
<arg>${natid[${i}]}</arg>
<kw name="Get Substring" library="String">
<var>${shortened_natid}</var>
<arg>${natid}</arg>
<arg>0</arg>
<arg>4</arg>
<doc>Returns a substring from ``start`` index to ``end`` index.</doc>
<msg timestamp="20220928 19:43:11.196" level="INFO">${shortened_natid} = 1234</msg>
<status status="PASS" starttime="20220928 19:43:11.196" endtime="20220928 19:43:11.196"/>
</kw>
<kw name="Catenate" library="BuiltIn">
<var>${masked_natid}</var>
<arg>${shortened_natid}$$$$$$</arg>
<doc>Catenates the given items together and returns the resulted string.</doc>
<msg timestamp="20220928 19:43:11.196" level="INFO">${masked_natid} = 1234$$$$$$</msg>
<status status="PASS" starttime="20220928 19:43:11.196" endtime="20220928 19:43:11.196"/>
</kw>
<msg timestamp="20220928 19:43:11.196" level="INFO">${masked_natid} = 1234$$$$$$</msg>
<status status="PASS" starttime="20220928 19:43:11.195" endtime="20220928 19:43:11.196"/>
</kw>
<kw name="Append To List" library="Collections">
<arg>${masked_natid_list}</arg>
<arg>${masked_natid}</arg>
<doc>Adds ``values`` to the end of ``list``.</doc>
<status status="PASS" starttime="20220928 19:43:11.196" endtime="20220928 19:43:11.197"/>
</kw>
<kw name="Append To List" library="Collections">
<arg>${bonus_list}</arg>
<arg>${bonus}</arg>
<doc>Adds ``values`` to the end of ``list``.</doc>
<status status="PASS" starttime="20220928 19:43:11.197" endtime="20220928 19:43:11.197"/>
</kw>
<status status="PASS" starttime="20220928 19:43:11.187" endtime="20220928 19:43:11.197"/>
</iter>
<iter>
<var name="${i}">1</var>
<kw name="Convert Date" library="DateTime">
<var>${converted_dob}</var>
<arg>${DOB[${i}]}</arg>
<arg>date_format=%d%m%Y</arg>
<doc>Converts between supported `date formats`.</doc>
<msg timestamp="20220928 19:43:11.198" level="INFO">${converted_dob} = 1995-03-14 00:00:00.000</msg>
<status status="PASS" starttime="20220928 19:43:11.197" endtime="20220928 19:43:11.198"/>
</kw>
<kw name="Convert Date" library="DateTime">
<var>${datetime_dob}</var>
<arg>${converted_dob}</arg>
<arg>datetime</arg>
<doc>Converts between supported `date formats`.</doc>
<msg timestamp="20220928 19:43:11.198" level="INFO">${datetime_dob} = 1995-03-14 00:00:00</msg>
<status status="PASS" starttime="20220928 19:43:11.198" endtime="20220928 19:43:11.198"/>
</kw>
<kw name="Get Age using DOB" library="common">
<var>${age_of_tax_payer}</var>
<arg>${datetime_dob}</arg>
<kw name="Get Current Date" library="DateTime">
<var>${current_date}</var>
<arg>result_format=datetime</arg>
<doc>Returns current local or UTC time with an optional increment.</doc>
<msg timestamp="20220928 19:43:11.199" level="INFO">${current_date} = 2022-09-28 19:43:11.198753</msg>
<status status="PASS" starttime="20220928 19:43:11.199" endtime="20220928 19:43:11.199"/>
</kw>
<kw name="Evaluate" library="BuiltIn">
<var>${age}</var>
<arg>${current_date.year}-${DOB.year}</arg>
<doc>Evaluates the given expression in Python and returns the result.</doc>
<msg timestamp="20220928 19:43:11.200" level="INFO">${age} = 27</msg>
<status status="PASS" starttime="20220928 19:43:11.199" endtime="20220928 19:43:11.200"/>
</kw>
<msg timestamp="20220928 19:43:11.201" level="INFO">${age_of_tax_payer} = 27</msg>
<status status="PASS" starttime="20220928 19:43:11.198" endtime="20220928 19:43:11.201"/>
</kw>
<kw name="Calculate tax amount" library="common">
<var>${bonus}</var>
<arg>${salary[${i}]}</arg>
<arg>${tax[${i}]}</arg>
<arg>${gender[${i}]}</arg>
<arg>${age_of_tax_payer}</arg>
<kw name="Set Variable If" library="BuiltIn">
<var>${variable}</var>
<arg>${age_of_tax_payer} &lt; 18</arg>
<arg>1</arg>
<arg>${age_of_tax_payer} &lt; 35</arg>
<arg>0.8</arg>
<arg>${age_of_tax_payer} &lt; 50</arg>
<arg>0.5</arg>
<arg>${age_of_tax_payer} &lt; 75</arg>
<arg>0.367</arg>
<arg>${age_of_tax_payer} &gt; 76</arg>
<arg>0.05</arg>
<doc>Sets variable based on the given condition.</doc>
<kw name="Set Variable If" library="BuiltIn">
<arg>${age_of_tax_payer} &lt; 35</arg>
<arg>0.8</arg>
<arg>${age_of_tax_payer} &lt; 50</arg>
<arg>0.5</arg>
<arg>${age_of_tax_payer} &lt; 75</arg>
<arg>0.367</arg>
<arg>${age_of_tax_payer} &gt; 76</arg>
<arg>0.05</arg>
<doc>Sets variable based on the given condition.</doc>
<status status="PASS" starttime="20220928 19:43:11.203" endtime="20220928 19:43:11.203"/>
</kw>
<msg timestamp="20220928 19:43:11.203" level="INFO">${variable} = 0.8</msg>
<status status="PASS" starttime="20220928 19:43:11.203" endtime="20220928 19:43:11.203"/>
</kw>
<kw name="Set Variable If" library="BuiltIn">
<var>${gender_bonus}</var>
<arg>"${gender}" == "M"</arg>
<arg>0</arg>
<arg>"${gender}" == "F"</arg>
<arg>500</arg>
<doc>Sets variable based on the given condition.</doc>
<msg timestamp="20220928 19:43:11.204" level="INFO">${gender_bonus} = 0</msg>
<status status="PASS" starttime="20220928 19:43:11.204" endtime="20220928 19:43:11.204"/>
</kw>
<kw name="Evaluate" library="BuiltIn">
<var>${bonus}</var>
<arg>((${salary}-${tax})*${variable})+${gender_bonus}</arg>
<doc>Evaluates the given expression in Python and returns the result.</doc>
<msg timestamp="20220928 19:43:11.204" level="INFO">${bonus} = 728.0</msg>
<status status="PASS" starttime="20220928 19:43:11.204" endtime="20220928 19:43:11.204"/>
</kw>
<kw name="Evaluate" library="BuiltIn">
<var>${bonus}</var>
<arg>"%.2f" % ${bonus}</arg>
[...]
<kw name="Launch Oppenheimer Project Home Screen" library="common">
<kw name="Get Driver Path With Browser" library="WebDriverManager">
<var>${driver_path}</var>
<arg>${BROWSER}</arg>
<msg timestamp="20220928 19:57:07.587" level="INFO">====== WebDriver manager ======</msg>
<msg timestamp="20220928 19:57:07.739" level="INFO">Get LATEST chromedriver version for google-chrome 105.0.5195</msg>
<msg timestamp="20220928 19:57:08.727" level="INFO">Driver [/Users/a151337/.wdm/drivers/chromedriver/mac64/105.0.5195/chromedriver] found in cache</msg>
<msg timestamp="20220928 19:57:08.728" level="INFO">/Users/a151337/.wdm/drivers/chromedriver/mac64/105.0.5195/chromedriver</msg>
<msg timestamp="20220928 19:57:08.728" level="INFO">${driver_path} = /Users/a151337/.wdm/drivers/chromedriver/mac64/105.0.5195/chromedriver</msg>
<status status="PASS" starttime="20220928 19:57:07.586" endtime="20220928 19:57:08.728"/>
</kw>
<kw name="Open Browser" library="SeleniumLibrary">
<arg>${BASE_URL}</arg>
<arg>${BROWSER}</arg>
<arg>executable_path=${driver_path}</arg>
<arg>options=add_argument("--ignore-certificate-errors");add_argument("--start-maximized")</arg>
<doc>Opens a new browser instance to the optional ``url``.</doc>
<msg timestamp="20220928 19:57:08.730" level="INFO">Opening browser 'Chrome' to base url 'http://localhost:8080'.</msg>
<status status="PASS" starttime="20220928 19:57:08.729" endtime="20220928 19:57:14.125"/>
</kw>
<kw name="Set Selenium Implicit Wait" library="SeleniumLibrary">
<arg>60s</arg>
<doc>Sets the implicit wait value used by Selenium.</doc>
<status status="PASS" starttime="20220928 19:57:14.126" endtime="20220928 19:57:14.128"/>
</kw>
<status status="PASS" starttime="20220928 19:57:07.586" endtime="20220928 19:57:14.129"/>
</kw>
<kw name="Instantiate session" library="common">
<kw name="Create Session" library="RequestsLibrary">
<arg>${SESSION_NAME}</arg>
<arg>${BASE_URL}</arg>
<doc>Create Session: create a HTTP session to a server</doc>
<msg timestamp="20220928 19:57:14.130" level="INFO">Creating Session using : alias=Oppenheimer, url=http://localhost:8080, headers={},                     cookies={}, auth=None, timeout=None, proxies=None, verify=False,                     debug=0 </msg>
<status status="PASS" starttime="20220928 19:57:14.129" endtime="20220928 19:57:14.130"/>
</kw>
<status status="PASS" starttime="20220928 19:57:14.129" endtime="20220928 19:57:14.131"/>
</kw>
<status status="PASS" starttime="20220928 19:57:07.586" endtime="20220928 19:57:14.131"/>
</kw>
<kw name="Insert single record with invalid data and validate response code" library="singleRecordInsertion">
<arg>${invalid_natid}</arg>
<arg>${internal_server_error}</arg>
<kw name="Get Json string from json file" library="common">
<var>${input_body}</var>
<arg>${input_body_path}</arg>
<kw name="Get File" library="OperatingSystem">
<var>${json_string}</var>
<arg>${path}</arg>
<doc>Returns the contents of a specified file.</doc>
<msg timestamp="20220928 19:57:14.132" level="INFO" html="true">Getting file '&lt;a href="file:///Users/a151337/PycharmProjects/robotFrameworkUIAPIAutomationSample/inputData/singleRecordInsertion/invalidNatId.json"&gt;/Users/a151337/PycharmProjects/robotFrameworkUIAPIAutomationSample/inputData/singleRecordInsertion/invalidNatId.json&lt;/a&gt;'.</msg>
<msg timestamp="20220928 19:57:14.133" level="INFO">${json_string} = {"birthday":"14031994","gender":"M","name":"Bharath","natid":"12","salary":"100","tax":"20"}</msg>
<status status="PASS" starttime="20220928 19:57:14.132" endtime="20220928 19:57:14.134"/>
</kw>
<msg timestamp="20220928 19:57:14.134" level="INFO">${input_body} = {"birthday":"14031994","gender":"M","name":"Bharath","natid":"12","salary":"100","tax":"20"}</msg>
<status status="PASS" starttime="20220928 19:57:14.132" endtime="20220928 19:57:14.134"/>
</kw>
<kw name="Create Dictionary" library="BuiltIn">
<var>&amp;{headers}</var>
<arg>Content-Type=application/json</arg>
<doc>Creates and returns a dictionary based on the given ``items``.</doc>
<msg timestamp="20220928 19:57:14.134" level="INFO">&amp;{headers} = { Content-Type=application/json }</msg>
<status status="PASS" starttime="20220928 19:57:14.134" endtime="20220928 19:57:14.134"/>
</kw>
<kw name="Log" library="BuiltIn">
<arg>${input_body}</arg>
<doc>Logs the given message with the given level.</doc>
<msg timestamp="20220928 19:57:14.135" level="INFO">{"birthday":"14031994","gender":"M","name":"Bharath","natid":"12","salary":"100","tax":"20"}</msg>
<status status="PASS" starttime="20220928 19:57:14.135" endtime="20220928 19:57:14.135"/>
</kw>
<kw name="POST On Session" library="RequestsLibrary">
<arg>${SESSION_NAME}</arg>
<arg>url=${insert_single_record_endpoint}</arg>
<arg>data=${input_body}</arg>
<arg>headers=${headers}</arg>
<arg>expected_status=${expected_status_code}</arg>
<doc>Sends a POST request on a previously created HTTP Session.</doc>
<msg timestamp="20220928 19:57:14.144" level="INFO">POST Request : url=http://localhost:8080/calculator/insert 
 path_url=/calculator/insert 
 headers={'User-Agent': 'python-requests/2.28.1', 'Accept-Encoding': 'gzip, deflate', 'Accept': '*/*', 'Connection': 'keep-alive', 'Content-Type': 'application/json', 'Content-Length': '92'} 
 body={"birthday":"14031994","gender":"M","name":"Bharath","natid":"12","salary":"100","tax":"20"} 
 </msg>
<msg timestamp="20220928 19:57:14.144" level="INFO">POST Response : url=http://localhost:8080/calculator/insert 
 status=202, reason= 
 headers={'Content-Type': 'text/plain;charset=UTF-8', 'Content-Length': '7', 'Date': 'Wed, 28 Sep 2022 14:27:14 GMT'} 
 body=Alright 
 </msg>
<msg timestamp="20220928 19:57:14.145" level="FAIL">Url: http://localhost:8080/calculator/insert Expected status: 202 != 500</msg>
<status status="FAIL" starttime="20220928 19:57:14.135" endtime="20220928 19:57:14.145"/>
</kw>
<status status="FAIL" starttime="20220928 19:57:14.131" endtime="20220928 19:57:14.147"/>
</kw>
<kw name="Validate record is not inserted in UI" library="singleRecordInsertion">
<status status="NOT RUN" starttime="20220928 19:57:14.147" endtime="20220928 19:57:14.147"/>
</kw>
<kw name="Run Keywords" library="BuiltIn" type="TEARDOWN">
<arg>Close browser</arg>
<arg>AND</arg>
<arg>Clear Data Base</arg>
<doc>Executes all the given keywords in a sequence.</doc>
<kw name="Close Browser" library="SeleniumLibrary">
<doc>Closes the current browser.</doc>
<status status="PASS" starttime="20220928 19:57:14.148" endtime="20220928 19:57:14.305"/>
</kw>
<kw name="Clear Data Base" library="common">
<kw name="POST On Session" library="RequestsLibrary">
<arg>${SESSION_NAME}</arg>
<arg>url=${clear_data_base_url}</arg>
<doc>Sends a POST request on a previously created HTTP Session.</doc>
<msg timestamp="20220928 19:57:14.315" level="INFO">POST Request : url=http://localhost:8080/calculator/rakeDatabase 
 path_url=/calculator/rakeDatabase 
 headers={'User-Agent': 'python-requests/2.28.1', 'Accept-Encoding': 'gzip, deflate', 'Accept': '*/*', 'Connection': 'keep-alive', 'Content-Length': '0'} 
 body=None 
 </msg>
<msg timestamp="20220928 19:57:14.315" level="INFO">POST Response : url=http://localhost:8080/calculator/rakeDatabase 
 status=200, reason= 
 headers={'Content-Type': 'text/plain;charset=UTF-8', 'Content-Length': '21', 'Date': 'Wed, 28 Sep 2022 14:27:14 GMT'} 
 body=Successfully raked DB 
 </msg>
<status status="PASS" starttime="20220928 19:57:14.306" endtime="20220928 19:57:14.315"/>
</kw>
<status status="PASS" starttime="20220928 19:57:14.305" endtime="20220928 19:57:14.315"/>
</kw>
<status status="PASS" starttime="20220928 19:57:14.148" endtime="20220928 19:57:14.315"/>
</kw>
<tag>AC4</tag>
<tag>US1</tag>
<status status="FAIL" starttime="20220928 19:57:07.585" endtime="20220928 19:57:14.315">Url: http://localhost:8080/calculator/insert Expected status: 202 != 500</status>
</test>
<test id="s1-s5-t5" name="Validate Clerk is not able to insert single record when gender identifier is invalid" line="31">
<kw name="Run Keywords" library="BuiltIn" type="SETUP">
<arg>Launch Oppenheimer Project Home Screen</arg>
<arg>AND</arg>
<arg>Instantiate session</arg>
<doc>Executes all the given keywords in a sequence.</doc>
<kw name="Launch Oppenheimer Project Home Screen" library="common">
<kw name="Get Driver Path With Browser" library="WebDriverManager">
<var>${driver_path}</var>
<arg>${BROWSER}</arg>
<msg timestamp="20220928 19:57:14.318" level="INFO">====== WebDriver manager ======</msg>
<msg timestamp="20220928 19:57:14.455" level="INFO">Get LATEST chromedriver version for google-chrome 105.0.5195</msg>
<msg timestamp="20220928 19:57:15.466" level="INFO">Driver [/Users/a151337/.wdm/drivers/chromedriver/mac64/105.0.5195/chromedriver] found in cache</msg>
<msg timestamp="20220928 19:57:15.467" level="INFO">/Users/a151337/.wdm/drivers/chromedriver/mac64/105.0.5195/chromedriver</msg>
<msg timestamp="20220928 19:57:15.467" level="INFO">${driver_path} = /Users/a151337/.wdm/drivers/chromedriver/mac64/105.0.5195/chromedriver</msg>
<status status="PASS" starttime="20220928 19:57:14.318" endtime="20220928 19:57:15.467"/>
</kw>
<kw name="Open Browser" library="SeleniumLibrary">
<arg>${BASE_URL}</arg>
<arg>${BROWSER}</arg>
<arg>executable_path=${driver_path}</arg>
<arg>options=add_argument("--ignore-certificate-errors");add_argument("--start-maximized")</arg>
<doc>Opens a new browser instance to the optional ``url``.</doc>
<msg timestamp="20220928 19:57:15.469" level="INFO">Opening browser 'Chrome' to base url 'http://localhost:8080'.</msg>
<status status="PASS" starttime="20220928 19:57:15.468" endtime="20220928 19:57:19.302"/>
</kw>
<kw name="Set Selenium Implicit Wait" library="SeleniumLibrary">
<arg>60s</arg>
<doc>Sets the implicit wait value used by Selenium.</doc>
<status status="PASS" starttime="20220928 19:57:19.303" endtime="20220928 19:57:19.305"/>
</kw>
<status status="PASS" starttime="20220928 19:57:14.317" endtime="20220928 19:57:19.305"/>
</kw>
<kw name="Instantiate session" library="common">
<kw name="Create Session" library="RequestsLibrary">
<arg>${SESSION_NAME}</arg>
<arg>${BASE_URL}</arg>
<doc>Create Session: create a HTTP session to a server</doc>
<msg timestamp="20220928 19:57:19.306" level="INFO">Creating Session using : alias=Oppenheimer, url=http://localhost:8080, headers={},                     cookies={}, auth=None, timeout=None, proxies=None, verify=False,                     debug=0 </msg>
<status status="PASS" starttime="20220928 19:57:19.306" endtime="20220928 19:57:19.306"/>
</kw>
<status status="PASS" starttime="20220928 19:57:19.305" endtime="20220928 19:57:19.306"/>
</kw>
<status status="PASS" starttime="20220928 19:57:14.317" endtime="20220928 19:57:19.307"/>
</kw>
<kw name="Insert single record with invalid data and validate response code" library="singleRecordInsertion">
<arg>${invalid_gender_identifier}</arg>
<arg>${internal_server_error}</arg>
<kw name="Get Json string from json file" library="common">
<var>${input_body}</var>
<arg>${input_body_path}</arg>
<kw name="Get File" library="OperatingSystem">
<var>${json_string}</var>
<arg>${path}</arg>
<doc>Returns the contents of a specified file.</doc>
<msg timestamp="20220928 19:57:19.310" level="INFO" html="true">Getting file '&lt;a href="file:///Users/a151337/PycharmProjects/robotFrameworkUIAPIAutomationSample/inputData/singleRecordInsertion/invalidGenderIdentifier.json"&gt;/Users/a151337/PycharmProjects/robotFrameworkUIAPIAutomationSample/inputData/singleRecordInsertion/invalidGenderIdentifier.json&lt;/a&gt;'.</msg>
<msg timestamp="20220928 19:57:19.311" level="INFO">${json_string} = {"birthday":"14031994","gender":"Male","name":"Bharath","natid":"1234567891","salary":"100","tax":"20"}</msg>
<status status="PASS" starttime="20220928 19:57:19.309" endtime="20220928 19:57:19.311"/>
</kw>
<msg timestamp="20220928 19:57:19.312" level="INFO">${input_body} = {"birthday":"14031994","gender":"Male","name":"Bharath","natid":"1234567891","salary":"100","tax":"20"}</msg>
<status status="PASS" starttime="20220928 19:57:19.308" endtime="20220928 19:57:19.312"/>
</kw>
<kw name="Create Dictionary" library="BuiltIn">
<var>&amp;{headers}</var>
<arg>Content-Type=application/json</arg>
<doc>Creates and returns a dictionary based on the given ``items``.</doc>
<msg timestamp="20220928 19:57:19.313" level="INFO">&amp;{headers} = { Content-Type=application/json }</msg>
<status status="PASS" starttime="20220928 19:57:19.312" endtime="20220928 19:57:19.313"/>
</kw>
<kw name="Log" library="BuiltIn">
<arg>${input_body}</arg>
<doc>Logs the given message with the given level.</doc>
<msg timestamp="20220928 19:57:19.313" level="INFO">{"birthday":"14031994","gender":"Male","name":"Bharath","natid":"1234567891","salary":"100","tax":"20"}</msg>
<status status="PASS" starttime="20220928 19:57:19.313" endtime="20220928 19:57:19.313"/>
</kw>
<kw name="POST On Session" library="RequestsLibrary">
<arg>${SESSION_NAME}</arg>
<arg>url=${insert_single_record_endpoint}</arg>
<arg>data=${input_body}</arg>
<arg>headers=${headers}</arg>
<arg>expected_status=${expected_status_code}</arg>
<doc>Sends a POST request on a previously created HTTP Session.</doc>
<msg timestamp="20220928 19:57:19.344" level="INFO">POST Request : url=http://localhost:8080/calculator/insert 
 path_url=/calculator/insert 
 headers={'User-Agent': 'python-requests/2.28.1', 'Accept-Encoding': 'gzip, deflate', 'Accept': '*/*', 'Connection': 'keep-alive', 'Content-Type': 'application/json', 'Content-Length': '103'} 
 body={"birthday":"14031994","gender":"Male","name":"Bharath","natid":"1234567891","salary":"100","tax":"20"} 
 </msg>
<msg timestamp="20220928 19:57:19.345" level="INFO">POST Response : url=http://localhost:8080/calculator/insert 
 status=500, reason= 
 headers={'Content-Type': 'application/json;charset=UTF-8', 'Transfer-Encoding': 'chunked', 'Date': 'Wed, 28 Sep 2022 14:27:19 GMT', 'Connection': 'close'} 
 body={"timestamp":"2022-09-28T14:27:19.342+0000","status":500,"error":"Internal Server Error","message":"could not execute statement; SQL [n/a]; nested exception is org.hibernate.exception.DataException: could not execute statement","path":"/calculator/insert"} 
 </msg>
<status status="PASS" starttime="20220928 19:57:19.313" endtime="20220928 19:57:19.345"/>
</kw>
<status status="PASS" starttime="20220928 19:57:19.307" endtime="20220928 19:57:19.345"/>
</kw>
<kw name="Validate record is not inserted in UI" library="singleRecordInsertion">
<kw name="perform click on button" library="common">
<arg>${refresh_table_button}</arg>
<kw name="Wait Until Element Is Visible" library="SeleniumLibrary">
<arg>${locator}</arg>
<doc>Waits until the element ``locator`` is visible.</doc>
<status status="PASS" starttime="20220928 19:57:19.346" endtime="20220928 19:57:19.367"/>
</kw>
<kw name="Click Button" library="SeleniumLibrary">
<arg>${locator}</arg>
<doc>Clicks the button identified by ``locator``.</doc>
<msg timestamp="20220928 19:57:19.368" level="INFO">Clicking button '//button[text()='Refresh Tax Relief Table']'.</msg>
<status status="PASS" starttime="20220928 19:57:19.367" endtime="20220928 19:57:19.413"/>
</kw>
<status status="PASS" starttime="20220928 19:57:19.345" endtime="20220928 19:57:19.413"/>
</kw>
<kw name="Page Should Not Contain" library="SeleniumLibrary">
<arg>${tax_relief_table}</arg>
<doc>Verifies the current page does not contain ``text``.</doc>
<msg timestamp="20220928 19:59:19.483" level="INFO">Current page does not contain text '//table[@class='table table-hover table-dark']'.</msg>
<status status="PASS" starttime="20220928 19:57:19.413" endtime="20220928 19:59:19.483"/>
</kw>
<kw name="Page Should Contain" library="SeleniumLibrary">
<arg>No records at the moment</arg>
<doc>Verifies that current page contains ``text``.</doc>
<msg timestamp="20220928 19:59:19.502" level="INFO">Current page contains text 'No records at the moment'.</msg>
<status status="PASS" starttime="20220928 19:59:19.484" endtime="20220928 19:59:19.502"/>
</kw>
<status status="PASS" starttime="20220928 19:57:19.345" endtime="20220928 19:59:19.502"/>
</kw>
<kw name="Run Keywords" library="BuiltIn" type="TEARDOWN">
<arg>Close browser</arg>
<arg>AND</arg>
<arg>Clear Data Base</arg>
<doc>Executes all the given keywords in a sequence.</doc>
<kw name="Close Browser" library="SeleniumLibrary">
<doc>Closes the current browser.</doc>
<status status="PASS" starttime="20220928 19:59:19.503" endtime="20220928 19:59:19.942"/>
</kw>
<kw name="Clear Data Base" library="common">
<kw name="POST On Session" library="RequestsLibrary">
<arg>${SESSION_NAME}</arg>
<arg>url=${clear_data_base_url}</arg>
<doc>Sends a POST request on a previously created HTTP Session.</doc>
<msg timestamp="20220928 19:59:19.952" level="INFO">POST Request : url=http://localhost:8080/calculator/rakeDatabase 
 path_url=/calculator/rakeDatabase 
 headers={'User-Agent': 'python-requests/2.28.1', 'Accept-Encoding': 'gzip, deflate', 'Accept': '*/*', 'Connection': 'keep-alive', 'Content-Length': '0'} 
 body=None 
 </msg>
<msg timestamp="20220928 19:59:19.952" level="INFO">POST Response : url=http://localhost:8080/calculator/rakeDatabase 
 status=200, reason= 
 headers={'Content-Type': 'text/plain;charset=UTF-8', 'Content-Length': '21', 'Date': 'Wed, 28 Sep 2022 14:29:19 GMT'} 
 body=Successfully raked DB 
 </msg>
<status status="PASS" starttime="20220928 19:59:19.943" endtime="20220928 19:59:19.952"/>
</kw>
<status status="PASS" starttime="20220928 19:59:19.942" endtime="20220928 19:59:19.953"/>
</kw>
<status status="PASS" starttime="20220928 19:59:19.502" endtime="20220928 19:59:19.953"/>
</kw>
<tag>AC5</tag>
<tag>US1</tag>
<status status="PASS" starttime="20220928 19:57:14.316" endtime="20220928 19:59:19.953"/>
</test>
<status status="FAIL" starttime="20220928 19:54:48.486" endtime="20220928 19:59:19.954"/>
</suite>
<status status="FAIL" starttime="20220928 19:42:41.415" endtime="20220928 19:59:19.956"/>
</suite>
<statistics>
<total>
<stat pass="16" fail="4" skip="0">All Tests</stat>
</total>
<tag>
<stat pass="5" fail="0" skip="0">AC1</stat>
<stat pass="5" fail="0" skip="0">AC2</stat>
<stat pass="3" fail="2" skip="0">AC3</stat>
<stat pass="1" fail="2" skip="0">AC4</stat>
<stat pass="2" fail="0" skip="0">AC5</stat>
<stat pass="7" fail="0" skip="0">SMOKE</stat>
<stat pass="3" fail="2" skip="0">US1</stat>
<stat pass="4" fail="1" skip="0">US2</stat>
<stat pass="4" fail="0" skip="0">US3</stat>
<stat pass="2" fail="1" skip="0">US4</stat>
<stat pass="3" fail="0" skip="0">US5</stat>
</tag>
<suite>
<stat pass="16" fail="4" skip="0" id="s1" name="dispenseTaxRelief &amp; multiRecordInsertion &amp; queryTaxRelief &amp; recordInsertionFromCSV &amp; singleRecordInsertion">dispenseTaxRelief &amp; multiRecordInsertion &amp; queryTaxRelief &amp; recordInsertionFromCSV &amp; singleRecordInsertion</stat>
<stat pass="3" fail="0" skip="0" id="s1-s1" name="dispenseTaxRelief">dispenseTaxRelief &amp; multiRecordInsertion &amp; queryTaxRelief &amp; recordInsertionFromCSV &amp; singleRecordInsertion.dispenseTaxRelief</stat>
<stat pass="4" fail="1" skip="0" id="s1-s2" name="multiRecordInsertion">dispenseTaxRelief &amp; multiRecordInsertion &amp; queryTaxRelief &amp; recordInsertionFromCSV &amp; singleRecordInsertion.multiRecordInsertion</stat>
<stat pass="2" fail="1" skip="0" id="s1-s3" name="queryTaxRelief">dispenseTaxRelief &amp; multiRecordInsertion &amp; queryTaxRelief &amp; recordInsertionFromCSV &amp; singleRecordInsertion.queryTaxRelief</stat>
<stat pass="4" fail="0" skip="0" id="s1-s4" name="recordInsertionFromCSV">dispenseTaxRelief &amp; multiRecordInsertion &amp; queryTaxRelief &amp; recordInsertionFromCSV &amp; singleRecordInsertion.recordInsertionFromCSV</stat>
<stat pass="3" fail="2" skip="0" id="s1-s5" name="singleRecordInsertion">dispenseTaxRelief &amp; multiRecordInsertion &amp; queryTaxRelief &amp; recordInsertionFromCSV &amp; singleRecordInsertion.singleRecordInsertion</stat>
</suite>
</statistics>
<errors>
</errors>
</robot>
